{"/Users/lopez/Projects/Trabajos Practicos/Tec_avz_prog/tp-banners/src/app.module.ts": {"path":"/Users/lopez/Projects/Trabajos Practicos/Tec_avz_prog/tp-banners/src/app.module.ts","statementMap":{"0":{"start":{"line":1,"column":0},"end":{"line":1,"column":40}},"1":{"start":{"line":2,"column":0},"end":{"line":2,"column":46}},"2":{"start":{"line":3,"column":0},"end":{"line":3,"column":61}},"3":{"start":{"line":4,"column":0},"end":{"line":4,"column":48}},"4":{"start":{"line":5,"column":0},"end":{"line":5,"column":54}},"5":{"start":{"line":6,"column":0},"end":{"line":6,"column":57}},"6":{"start":{"line":7,"column":0},"end":{"line":7,"column":51}},"7":{"start":{"line":8,"column":0},"end":{"line":8,"column":51}},"8":{"start":{"line":9,"column":0},"end":{"line":9,"column":77}},"9":{"start":{"line":10,"column":0},"end":{"line":10,"column":50}},"10":{"start":{"line":11,"column":0},"end":{"line":11,"column":58}},"11":{"start":{"line":12,"column":0},"end":{"line":12,"column":50}},"12":{"start":{"line":29,"column":7},"end":{"line":29,"column":null}},"13":{"start":{"line":29,"column":13},"end":{"line":29,"column":22}},"14":{"start":{"line":29,"column":13},"end":{"line":29,"column":null}}},"fnMap":{},"branchMap":{},"s":{"0":11,"1":11,"2":11,"3":11,"4":11,"5":11,"6":11,"7":11,"8":11,"9":11,"10":11,"11":11,"12":11,"13":11,"14":11},"f":{},"b":{}}
,"/Users/lopez/Projects/Trabajos Practicos/Tec_avz_prog/tp-banners/src/auth/auth.controller.ts": {"path":"/Users/lopez/Projects/Trabajos Practicos/Tec_avz_prog/tp-banners/src/auth/auth.controller.ts","statementMap":{"0":{"start":{"line":1,"column":0},"end":{"line":1,"column":56}},"1":{"start":{"line":2,"column":0},"end":{"line":2,"column":42}},"2":{"start":{"line":3,"column":0},"end":{"line":3,"column":45}},"3":{"start":{"line":4,"column":0},"end":{"line":4,"column":58}},"4":{"start":{"line":5,"column":0},"end":{"line":5,"column":52}},"5":{"start":{"line":6,"column":0},"end":{"line":6,"column":53}},"6":{"start":{"line":10,"column":7},"end":{"line":24,"column":null}},"7":{"start":{"line":11,"column":31},"end":{"line":11,"column":44}},"8":{"start":{"line":16,"column":4},"end":{"line":16,"column":52}},"9":{"start":{"line":22,"column":4},"end":{"line":22,"column":48}},"10":{"start":{"line":10,"column":13},"end":{"line":10,"column":27}},"11":{"start":{"line":15,"column":2},"end":{"line":17,"column":null}},"12":{"start":{"line":21,"column":2},"end":{"line":23,"column":null}},"13":{"start":{"line":10,"column":13},"end":{"line":24,"column":null}}},"fnMap":{"0":{"name":"(anonymous_4)","decl":{"start":{"line":11,"column":2},"end":{"line":11,"column":31}},"loc":{"start":{"line":11,"column":55},"end":{"line":11,"column":60}}},"1":{"name":"(anonymous_5)","decl":{"start":{"line":15,"column":2},"end":{"line":15,"column":8}},"loc":{"start":{"line":15,"column":47},"end":{"line":17,"column":3}}},"2":{"name":"(anonymous_6)","decl":{"start":{"line":21,"column":2},"end":{"line":21,"column":7}},"loc":{"start":{"line":21,"column":42},"end":{"line":23,"column":3}}}},"branchMap":{},"s":{"0":11,"1":11,"2":11,"3":11,"4":11,"5":11,"6":11,"7":11,"8":14,"9":33,"10":11,"11":11,"12":11,"13":11},"f":{"0":11,"1":14,"2":33},"b":{}}
,"/Users/lopez/Projects/Trabajos Practicos/Tec_avz_prog/tp-banners/src/auth/auth.module.ts": {"path":"/Users/lopez/Projects/Trabajos Practicos/Tec_avz_prog/tp-banners/src/auth/auth.module.ts","statementMap":{"0":{"start":{"line":1,"column":0},"end":{"line":1,"column":40}},"1":{"start":{"line":2,"column":0},"end":{"line":2,"column":50}},"2":{"start":{"line":3,"column":0},"end":{"line":3,"column":40}},"3":{"start":{"line":4,"column":0},"end":{"line":4,"column":61}},"4":{"start":{"line":5,"column":0},"end":{"line":5,"column":45}},"5":{"start":{"line":6,"column":0},"end":{"line":6,"column":51}},"6":{"start":{"line":7,"column":0},"end":{"line":7,"column":63}},"7":{"start":{"line":8,"column":0},"end":{"line":8,"column":58}},"8":{"start":{"line":28,"column":7},"end":{"line":28,"column":null}},"9":{"start":{"line":28,"column":13},"end":{"line":28,"column":23}},"10":{"start":{"line":28,"column":13},"end":{"line":28,"column":null}},"11":{"start":{"line":20,"column":53},"end":{"line":23,"column":8}}},"fnMap":{"0":{"name":"(anonymous_1)","decl":{"start":{"line":20,"column":18},"end":{"line":20,"column":19}},"loc":{"start":{"line":20,"column":53},"end":{"line":23,"column":8}}}},"branchMap":{},"s":{"0":11,"1":11,"2":11,"3":11,"4":11,"5":11,"6":11,"7":11,"8":11,"9":11,"10":11,"11":11},"f":{"0":11},"b":{}}
,"/Users/lopez/Projects/Trabajos Practicos/Tec_avz_prog/tp-banners/src/auth/auth.service.ts": {"path":"/Users/lopez/Projects/Trabajos Practicos/Tec_avz_prog/tp-banners/src/auth/auth.service.ts","statementMap":{"0":{"start":{"line":1,"column":0},"end":{"line":1,"column":75}},"1":{"start":{"line":2,"column":0},"end":{"line":2,"column":41}},"2":{"start":{"line":3,"column":0},"end":{"line":3,"column":33}},"3":{"start":{"line":4,"column":0},"end":{"line":4,"column":65}},"4":{"start":{"line":5,"column":0},"end":{"line":5,"column":78}},"5":{"start":{"line":11,"column":24},"end":{"line":92,"column":null}},"6":{"start":{"line":13,"column":28},"end":{"line":13,"column":56}},"7":{"start":{"line":16,"column":21},"end":{"line":16,"column":29}},"8":{"start":{"line":17,"column":21},"end":{"line":17,"column":33}},"9":{"start":{"line":22,"column":4},"end":{"line":49,"column":45}},"10":{"start":{"line":24,"column":20},"end":{"line":24,"column":28}},"11":{"start":{"line":26,"column":30},"end":{"line":26,"column":75}},"12":{"start":{"line":28,"column":19},"end":{"line":28,"column":74}},"13":{"start":{"line":30,"column":19},"end":{"line":43,"column":8}},"14":{"start":{"line":36,"column":43},"end":{"line":40,"column":14}},"15":{"start":{"line":45,"column":61},"end":{"line":45,"column":65}},"16":{"start":{"line":47,"column":6},"end":{"line":47,"column":85}},"17":{"start":{"line":53,"column":4},"end":{"line":85,"column":44}},"18":{"start":{"line":54,"column":34},"end":{"line":54,"column":46}},"19":{"start":{"line":55,"column":19},"end":{"line":69,"column":8}},"20":{"start":{"line":71,"column":6},"end":{"line":73,"column":7}},"21":{"start":{"line":72,"column":8},"end":{"line":72,"column":77}},"22":{"start":{"line":75,"column":30},"end":{"line":75,"column":82}},"23":{"start":{"line":77,"column":6},"end":{"line":79,"column":7}},"24":{"start":{"line":78,"column":8},"end":{"line":78,"column":80}},"25":{"start":{"line":81,"column":61},"end":{"line":81,"column":65}},"26":{"start":{"line":83,"column":6},"end":{"line":83,"column":85}},"27":{"start":{"line":89,"column":18},"end":{"line":89,"column":47}},"28":{"start":{"line":90,"column":4},"end":{"line":90,"column":17}},"29":{"start":{"line":11,"column":13},"end":{"line":11,"column":24}},"30":{"start":{"line":11,"column":13},"end":{"line":92,"column":null}}},"fnMap":{"0":{"name":"(anonymous_2)","decl":{"start":{"line":15,"column":2},"end":{"line":15,"column":null}},"loc":{"start":{"line":17,"column":43},"end":{"line":18,"column":7}}},"1":{"name":"(anonymous_3)","decl":{"start":{"line":21,"column":2},"end":{"line":21,"column":10}},"loc":{"start":{"line":21,"column":41},"end":{"line":50,"column":3}}},"2":{"name":"(anonymous_4)","decl":{"start":{"line":22,"column":25},"end":{"line":22,"column":30}},"loc":{"start":{"line":22,"column":36},"end":{"line":49,"column":5}}},"3":{"name":"(anonymous_5)","decl":{"start":{"line":36,"column":30},"end":{"line":36,"column":38}},"loc":{"start":{"line":36,"column":43},"end":{"line":40,"column":14}}},"4":{"name":"(anonymous_6)","decl":{"start":{"line":52,"column":2},"end":{"line":52,"column":7}},"loc":{"start":{"line":52,"column":34},"end":{"line":86,"column":3}}},"5":{"name":"(anonymous_7)","decl":{"start":{"line":53,"column":25},"end":{"line":53,"column":30}},"loc":{"start":{"line":53,"column":36},"end":{"line":85,"column":5}}},"6":{"name":"(anonymous_8)","decl":{"start":{"line":88,"column":10},"end":{"line":88,"column":21}},"loc":{"start":{"line":88,"column":41},"end":{"line":91,"column":3}}}},"branchMap":{"0":{"loc":{"start":{"line":28,"column":19},"end":{"line":28,"column":74}},"type":"binary-expr","locations":[{"start":{"line":28,"column":19},"end":{"line":28,"column":37}},{"start":{"line":28,"column":41},"end":{"line":28,"column":74}}]},"1":{"loc":{"start":{"line":71,"column":6},"end":{"line":73,"column":7}},"type":"if","locations":[{"start":{"line":71,"column":6},"end":{"line":73,"column":7}}]},"2":{"loc":{"start":{"line":77,"column":6},"end":{"line":79,"column":7}},"type":"if","locations":[{"start":{"line":77,"column":6},"end":{"line":79,"column":7}}]}},"s":{"0":11,"1":11,"2":11,"3":11,"4":11,"5":11,"6":11,"7":11,"8":11,"9":14,"10":14,"11":14,"12":14,"13":14,"14":14,"15":13,"16":13,"17":33,"18":33,"19":33,"20":33,"21":1,"22":32,"23":32,"24":2,"25":30,"26":30,"27":43,"28":43,"29":11,"30":11},"f":{"0":11,"1":14,"2":14,"3":14,"4":33,"5":33,"6":43},"b":{"0":[14,0],"1":[1],"2":[2]}}
,"/Users/lopez/Projects/Trabajos Practicos/Tec_avz_prog/tp-banners/src/auth/decorators/auth.decorator.ts": {"path":"/Users/lopez/Projects/Trabajos Practicos/Tec_avz_prog/tp-banners/src/auth/decorators/auth.decorator.ts","statementMap":{"0":{"start":{"line":7,"column":0},"end":{"line":7,"column":16}},"1":{"start":{"line":1,"column":0},"end":{"line":1,"column":60}},"2":{"start":{"line":2,"column":0},"end":{"line":2,"column":45}},"3":{"start":{"line":3,"column":0},"end":{"line":3,"column":68}},"4":{"start":{"line":4,"column":0},"end":{"line":4,"column":59}},"5":{"start":{"line":8,"column":4},"end":{"line":11,"column":6}}},"fnMap":{"0":{"name":"Auth","decl":{"start":{"line":7,"column":16},"end":{"line":7,"column":20}},"loc":{"start":{"line":7,"column":43},"end":{"line":12,"column":1}}}},"branchMap":{},"s":{"0":11,"1":11,"2":11,"3":11,"4":11,"5":121},"f":{"0":121},"b":{}}
,"/Users/lopez/Projects/Trabajos Practicos/Tec_avz_prog/tp-banners/src/auth/decorators/get-user.decorator.ts": {"path":"/Users/lopez/Projects/Trabajos Practicos/Tec_avz_prog/tp-banners/src/auth/decorators/get-user.decorator.ts","statementMap":{"0":{"start":{"line":1,"column":0},"end":{"line":1,"column":102}},"1":{"start":{"line":4,"column":23},"end":{"line":12,"column":1}},"2":{"start":{"line":5,"column":17},"end":{"line":5,"column":70}},"3":{"start":{"line":7,"column":4},"end":{"line":9,"column":5}},"4":{"start":{"line":8,"column":8},"end":{"line":8,"column":75}},"5":{"start":{"line":11,"column":4},"end":{"line":11,"column":33}},"6":{"start":{"line":4,"column":13},"end":{"line":4,"column":23}},"7":{"start":{"line":14,"column":13},"end":{"line":14,"column":53}}},"fnMap":{"0":{"name":"(anonymous_0)","decl":{"start":{"line":4,"column":23},"end":{"line":4,"column":24}},"loc":{"start":{"line":4,"column":63},"end":{"line":12,"column":1}}}},"branchMap":{"0":{"loc":{"start":{"line":7,"column":4},"end":{"line":9,"column":5}},"type":"if","locations":[{"start":{"line":7,"column":4},"end":{"line":9,"column":5}}]}},"s":{"0":11,"1":11,"2":34,"3":34,"4":0,"5":34,"6":11,"7":11},"f":{"0":34},"b":{"0":[0]}}
,"/Users/lopez/Projects/Trabajos Practicos/Tec_avz_prog/tp-banners/src/auth/decorators/role-protected.decorator.ts": {"path":"/Users/lopez/Projects/Trabajos Practicos/Tec_avz_prog/tp-banners/src/auth/decorators/role-protected.decorator.ts","statementMap":{"0":{"start":{"line":1,"column":0},"end":{"line":1,"column":45}},"1":{"start":{"line":4,"column":13},"end":{"line":4,"column":34}},"2":{"start":{"line":6,"column":29},"end":{"line":8,"column":1}},"3":{"start":{"line":7,"column":4},"end":{"line":7,"column":41}},"4":{"start":{"line":6,"column":13},"end":{"line":6,"column":29}}},"fnMap":{"0":{"name":"(anonymous_0)","decl":{"start":{"line":6,"column":29},"end":{"line":6,"column":30}},"loc":{"start":{"line":6,"column":55},"end":{"line":8,"column":1}}}},"branchMap":{},"s":{"0":11,"1":11,"2":11,"3":121,"4":11},"f":{"0":121},"b":{}}
,"/Users/lopez/Projects/Trabajos Practicos/Tec_avz_prog/tp-banners/src/auth/decorators/swagger/api-login-auth.decorator.ts": {"path":"/Users/lopez/Projects/Trabajos Practicos/Tec_avz_prog/tp-banners/src/auth/decorators/swagger/api-login-auth.decorator.ts","statementMap":{"0":{"start":{"line":4,"column":0},"end":{"line":4,"column":16}},"1":{"start":{"line":1,"column":0},"end":{"line":1,"column":49}},"2":{"start":{"line":2,"column":0},"end":{"line":2,"column":46}},"3":{"start":{"line":5,"column":4},"end":{"line":9,"column":6}}},"fnMap":{"0":{"name":"ApiLoginAuth","decl":{"start":{"line":4,"column":16},"end":{"line":4,"column":28}},"loc":{"start":{"line":4,"column":28},"end":{"line":10,"column":1}}}},"branchMap":{},"s":{"0":11,"1":11,"2":11,"3":11},"f":{"0":11},"b":{}}
,"/Users/lopez/Projects/Trabajos Practicos/Tec_avz_prog/tp-banners/src/auth/decorators/swagger/api-register-auth.decorator.ts": {"path":"/Users/lopez/Projects/Trabajos Practicos/Tec_avz_prog/tp-banners/src/auth/decorators/swagger/api-register-auth.decorator.ts","statementMap":{"0":{"start":{"line":4,"column":0},"end":{"line":4,"column":16}},"1":{"start":{"line":1,"column":0},"end":{"line":1,"column":49}},"2":{"start":{"line":2,"column":0},"end":{"line":2,"column":46}},"3":{"start":{"line":5,"column":4},"end":{"line":9,"column":6}}},"fnMap":{"0":{"name":"ApiRegisterAuth","decl":{"start":{"line":4,"column":16},"end":{"line":4,"column":31}},"loc":{"start":{"line":4,"column":31},"end":{"line":10,"column":1}}}},"branchMap":{},"s":{"0":11,"1":11,"2":11,"3":11},"f":{"0":11},"b":{}}
,"/Users/lopez/Projects/Trabajos Practicos/Tec_avz_prog/tp-banners/src/auth/decorators/swagger/index.ts": {"path":"/Users/lopez/Projects/Trabajos Practicos/Tec_avz_prog/tp-banners/src/auth/decorators/swagger/index.ts","statementMap":{"0":{"start":{"line":1,"column":0},"end":{"line":1,"column":64}},"1":{"start":{"line":2,"column":0},"end":{"line":2,"column":58}},"2":{"start":{"line":4,"column":0},"end":{"line":7,"column":2}}},"fnMap":{},"branchMap":{},"s":{"0":11,"1":11,"2":11},"f":{},"b":{}}
,"/Users/lopez/Projects/Trabajos Practicos/Tec_avz_prog/tp-banners/src/auth/dto/login-user.dto.ts": {"path":"/Users/lopez/Projects/Trabajos Practicos/Tec_avz_prog/tp-banners/src/auth/dto/login-user.dto.ts","statementMap":{"0":{"start":{"line":1,"column":0},"end":{"line":1,"column":46}},"1":{"start":{"line":2,"column":0},"end":{"line":2,"column":46}},"2":{"start":{"line":3,"column":0},"end":{"line":3,"column":77}},"3":{"start":{"line":5,"column":0},"end":{"line":5,"column":13}},"4":{"start":{"line":20,"column":4},"end":{"line":20,"column":null}},"5":{"start":{"line":12,"column":8},"end":{"line":14,"column":19}},"6":{"start":{"line":28,"column":4},"end":{"line":28,"column":null}}},"fnMap":{"0":{"name":"(anonymous_2)","decl":{"start":{"line":11,"column":15},"end":{"line":11,"column":16}},"loc":{"start":{"line":12,"column":8},"end":{"line":14,"column":19}}}},"branchMap":{"0":{"loc":{"start":{"line":12,"column":8},"end":{"line":14,"column":19}},"type":"cond-expr","locations":[{"start":{"line":13,"column":14},"end":{"line":13,"column":73}},{"start":{"line":14,"column":14},"end":{"line":14,"column":19}}]}},"s":{"0":11,"1":11,"2":11,"3":11,"4":11,"5":38,"6":11},"f":{"0":38},"b":{"0":[38,0]}}
,"/Users/lopez/Projects/Trabajos Practicos/Tec_avz_prog/tp-banners/src/auth/dto/register-user.dto.ts": {"path":"/Users/lopez/Projects/Trabajos Practicos/Tec_avz_prog/tp-banners/src/auth/dto/register-user.dto.ts","statementMap":{"0":{"start":{"line":1,"column":0},"end":{"line":1,"column":46}},"1":{"start":{"line":2,"column":0},"end":{"line":2,"column":127}},"2":{"start":{"line":3,"column":0},"end":{"line":3,"column":46}},"3":{"start":{"line":5,"column":0},"end":{"line":5,"column":13}},"4":{"start":{"line":19,"column":4},"end":{"line":19,"column":null}},"5":{"start":{"line":12,"column":8},"end":{"line":14,"column":19}},"6":{"start":{"line":36,"column":4},"end":{"line":36,"column":null}},"7":{"start":{"line":27,"column":8},"end":{"line":29,"column":19}},"8":{"start":{"line":46,"column":4},"end":{"line":46,"column":null}}},"fnMap":{"0":{"name":"(anonymous_2)","decl":{"start":{"line":11,"column":15},"end":{"line":11,"column":16}},"loc":{"start":{"line":12,"column":8},"end":{"line":14,"column":19}}},"1":{"name":"(anonymous_3)","decl":{"start":{"line":26,"column":15},"end":{"line":26,"column":16}},"loc":{"start":{"line":27,"column":8},"end":{"line":29,"column":19}}}},"branchMap":{"0":{"loc":{"start":{"line":12,"column":8},"end":{"line":14,"column":19}},"type":"cond-expr","locations":[{"start":{"line":13,"column":14},"end":{"line":13,"column":40}},{"start":{"line":14,"column":14},"end":{"line":14,"column":19}}]},"1":{"loc":{"start":{"line":27,"column":8},"end":{"line":29,"column":19}},"type":"cond-expr","locations":[{"start":{"line":28,"column":14},"end":{"line":28,"column":73}},{"start":{"line":29,"column":14},"end":{"line":29,"column":19}}]}},"s":{"0":11,"1":11,"2":11,"3":11,"4":11,"5":16,"6":11,"7":16,"8":11},"f":{"0":16,"1":16},"b":{"0":[16,0],"1":[16,0]}}
,"/Users/lopez/Projects/Trabajos Practicos/Tec_avz_prog/tp-banners/src/auth/guards/user-role/user-role.guard.ts": {"path":"/Users/lopez/Projects/Trabajos Practicos/Tec_avz_prog/tp-banners/src/auth/guards/user-role/user-role.guard.ts","statementMap":{"0":{"start":{"line":1,"column":0},"end":{"line":1,"column":125}},"1":{"start":{"line":3,"column":0},"end":{"line":3,"column":41}},"2":{"start":{"line":5,"column":0},"end":{"line":5,"column":71}},"3":{"start":{"line":8,"column":7},"end":{"line":27,"column":null}},"4":{"start":{"line":9,"column":31},"end":{"line":9,"column":42}},"5":{"start":{"line":15,"column":33},"end":{"line":15,"column":85}},"6":{"start":{"line":16,"column":17},"end":{"line":16,"column":74}},"7":{"start":{"line":18,"column":4},"end":{"line":18,"column":72}},"8":{"start":{"line":18,"column":15},"end":{"line":18,"column":72}},"9":{"start":{"line":19,"column":4},"end":{"line":23,"column":5}},"10":{"start":{"line":20,"column":6},"end":{"line":22,"column":7}},"11":{"start":{"line":20,"column":31},"end":{"line":20,"column":49}},"12":{"start":{"line":21,"column":8},"end":{"line":21,"column":20}},"13":{"start":{"line":25,"column":4},"end":{"line":25,"column":101}},"14":{"start":{"line":8,"column":13},"end":{"line":8,"column":26}},"15":{"start":{"line":8,"column":13},"end":{"line":27,"column":null}}},"fnMap":{"0":{"name":"(anonymous_2)","decl":{"start":{"line":9,"column":2},"end":{"line":9,"column":31}},"loc":{"start":{"line":9,"column":51},"end":{"line":9,"column":55}}},"1":{"name":"(anonymous_3)","decl":{"start":{"line":11,"column":2},"end":{"line":11,"column":13}},"loc":{"start":{"line":12,"column":29},"end":{"line":26,"column":3}}},"2":{"name":"(anonymous_4)","decl":{"start":{"line":20,"column":26},"end":{"line":20,"column":27}},"loc":{"start":{"line":20,"column":31},"end":{"line":20,"column":49}}}},"branchMap":{"0":{"loc":{"start":{"line":18,"column":4},"end":{"line":18,"column":72}},"type":"if","locations":[{"start":{"line":18,"column":4},"end":{"line":18,"column":72}}]},"1":{"loc":{"start":{"line":20,"column":6},"end":{"line":22,"column":7}},"type":"if","locations":[{"start":{"line":20,"column":6},"end":{"line":22,"column":7}}]}},"s":{"0":11,"1":11,"2":11,"3":11,"4":22,"5":56,"6":56,"7":56,"8":0,"9":56,"10":72,"11":72,"12":48,"13":8,"14":11,"15":11},"f":{"0":22,"1":56,"2":72},"b":{"0":[0],"1":[48]}}
,"/Users/lopez/Projects/Trabajos Practicos/Tec_avz_prog/tp-banners/src/auth/interfaces/valid-roles.interface.ts": {"path":"/Users/lopez/Projects/Trabajos Practicos/Tec_avz_prog/tp-banners/src/auth/interfaces/valid-roles.interface.ts","statementMap":{"0":{"start":{"line":1,"column":0},"end":{"line":1,"column":null}},"1":{"start":{"line":2,"column":4},"end":{"line":2,"column":null}},"2":{"start":{"line":3,"column":4},"end":{"line":3,"column":null}},"3":{"start":{"line":4,"column":4},"end":{"line":4,"column":null}}},"fnMap":{"0":{"name":"(anonymous_0)","decl":{"start":{"line":1,"column":0},"end":{"line":1,"column":12}},"loc":{"start":{"line":1,"column":22},"end":{"line":5,"column":1}}}},"branchMap":{"0":{"loc":{"start":{"line":1,"column":12},"end":{"line":1,"column":null}},"type":"binary-expr","locations":[{"start":{"line":1,"column":12},"end":{"line":1,"column":22}},{"start":{"line":1,"column":22},"end":{"line":1,"column":null}}]}},"s":{"0":11,"1":11,"2":11,"3":11},"f":{"0":11},"b":{"0":[11,11]}}
,"/Users/lopez/Projects/Trabajos Practicos/Tec_avz_prog/tp-banners/src/auth/strategies/jwt.strategies.ts": {"path":"/Users/lopez/Projects/Trabajos Practicos/Tec_avz_prog/tp-banners/src/auth/strategies/jwt.strategies.ts","statementMap":{"0":{"start":{"line":1,"column":0},"end":{"line":1,"column":67}},"1":{"start":{"line":2,"column":0},"end":{"line":2,"column":47}},"2":{"start":{"line":3,"column":0},"end":{"line":3,"column":52}},"3":{"start":{"line":4,"column":0},"end":{"line":4,"column":52}},"4":{"start":{"line":5,"column":0},"end":{"line":5,"column":65}},"5":{"start":{"line":10,"column":7},"end":{"line":45,"column":null}},"6":{"start":{"line":15,"column":8},"end":{"line":19,"column":11}},"7":{"start":{"line":12,"column":25},"end":{"line":12,"column":33}},"8":{"start":{"line":23,"column":23},"end":{"line":23,"column":30}},"9":{"start":{"line":25,"column":21},"end":{"line":37,"column":10}},"10":{"start":{"line":39,"column":8},"end":{"line":41,"column":9}},"11":{"start":{"line":40,"column":12},"end":{"line":40,"column":63}},"12":{"start":{"line":43,"column":8},"end":{"line":43,"column":37}},"13":{"start":{"line":10,"column":13},"end":{"line":10,"column":24}},"14":{"start":{"line":10,"column":13},"end":{"line":45,"column":null}}},"fnMap":{"0":{"name":"(anonymous_2)","decl":{"start":{"line":11,"column":4},"end":{"line":11,"column":null}},"loc":{"start":{"line":13,"column":36},"end":{"line":20,"column":5}}},"1":{"name":"(anonymous_3)","decl":{"start":{"line":22,"column":4},"end":{"line":22,"column":9}},"loc":{"start":{"line":22,"column":38},"end":{"line":44,"column":5}}}},"branchMap":{"0":{"loc":{"start":{"line":16,"column":25},"end":{"line":16,"column":62}},"type":"binary-expr","locations":[{"start":{"line":16,"column":25},"end":{"line":16,"column":56}},{"start":{"line":16,"column":60},"end":{"line":16,"column":62}}]},"1":{"loc":{"start":{"line":39,"column":8},"end":{"line":41,"column":9}},"type":"if","locations":[{"start":{"line":39,"column":8},"end":{"line":41,"column":9}}]}},"s":{"0":11,"1":11,"2":11,"3":11,"4":11,"5":11,"6":11,"7":11,"8":56,"9":56,"10":56,"11":0,"12":56,"13":11,"14":11},"f":{"0":11,"1":56},"b":{"0":[11,0],"1":[0]}}
,"/Users/lopez/Projects/Trabajos Practicos/Tec_avz_prog/tp-banners/src/banners/banners.controller.ts": {"path":"/Users/lopez/Projects/Trabajos Practicos/Tec_avz_prog/tp-banners/src/banners/banners.controller.ts","statementMap":{"0":{"start":{"line":1,"column":0},"end":{"line":1,"column":136}},"1":{"start":{"line":2,"column":0},"end":{"line":2,"column":59}},"2":{"start":{"line":4,"column":0},"end":{"line":4,"column":42}},"3":{"start":{"line":5,"column":0},"end":{"line":5,"column":58}},"4":{"start":{"line":6,"column":0},"end":{"line":6,"column":51}},"5":{"start":{"line":7,"column":0},"end":{"line":7,"column":65}},"6":{"start":{"line":8,"column":0},"end":{"line":8,"column":71}},"7":{"start":{"line":9,"column":0},"end":{"line":9,"column":58}},"8":{"start":{"line":10,"column":0},"end":{"line":10,"column":65}},"9":{"start":{"line":11,"column":0},"end":{"line":11,"column":58}},"10":{"start":{"line":13,"column":0},"end":{"line":13,"column":62}},"11":{"start":{"line":14,"column":0},"end":{"line":14,"column":53}},"12":{"start":{"line":18,"column":7},"end":{"line":64,"column":null}},"13":{"start":{"line":20,"column":21},"end":{"line":20,"column":37}},"14":{"start":{"line":28,"column":4},"end":{"line":28,"column":58}},"15":{"start":{"line":34,"column":4},"end":{"line":34,"column":54}},"16":{"start":{"line":40,"column":4},"end":{"line":40,"column":47}},"17":{"start":{"line":47,"column":4},"end":{"line":47,"column":43}},"18":{"start":{"line":55,"column":4},"end":{"line":55,"column":59}},"19":{"start":{"line":62,"column":4},"end":{"line":62,"column":48}},"20":{"start":{"line":18,"column":13},"end":{"line":18,"column":30}},"21":{"start":{"line":27,"column":8},"end":{"line":29,"column":null}},"22":{"start":{"line":33,"column":2},"end":{"line":35,"column":null}},"23":{"start":{"line":39,"column":2},"end":{"line":41,"column":null}},"24":{"start":{"line":46,"column":2},"end":{"line":48,"column":null}},"25":{"start":{"line":54,"column":8},"end":{"line":56,"column":null}},"26":{"start":{"line":61,"column":2},"end":{"line":63,"column":null}},"27":{"start":{"line":18,"column":13},"end":{"line":64,"column":null}}},"fnMap":{"0":{"name":"(anonymous_4)","decl":{"start":{"line":19,"column":2},"end":{"line":19,"column":null}},"loc":{"start":{"line":20,"column":51},"end":{"line":21,"column":7}}},"1":{"name":"(anonymous_5)","decl":{"start":{"line":27,"column":2},"end":{"line":27,"column":7}},"loc":{"start":{"line":27,"column":127},"end":{"line":29,"column":3}}},"2":{"name":"(anonymous_6)","decl":{"start":{"line":33,"column":2},"end":{"line":33,"column":9}},"loc":{"start":{"line":33,"column":47},"end":{"line":35,"column":3}}},"3":{"name":"(anonymous_7)","decl":{"start":{"line":39,"column":2},"end":{"line":39,"column":15}},"loc":{"start":{"line":39,"column":15},"end":{"line":41,"column":3}}},"4":{"name":"(anonymous_8)","decl":{"start":{"line":46,"column":2},"end":{"line":46,"column":9}},"loc":{"start":{"line":46,"column":48},"end":{"line":48,"column":3}}},"5":{"name":"(anonymous_9)","decl":{"start":{"line":54,"column":2},"end":{"line":54,"column":7}},"loc":{"start":{"line":54,"column":165},"end":{"line":56,"column":3}}},"6":{"name":"(anonymous_10)","decl":{"start":{"line":61,"column":2},"end":{"line":61,"column":8}},"loc":{"start":{"line":61,"column":79},"end":{"line":63,"column":3}}}},"branchMap":{},"s":{"0":11,"1":11,"2":11,"3":11,"4":11,"5":11,"6":11,"7":11,"8":11,"9":11,"10":11,"11":11,"12":11,"13":11,"14":3,"15":10,"16":2,"17":6,"18":4,"19":0,"20":11,"21":11,"22":11,"23":11,"24":11,"25":11,"26":11,"27":11},"f":{"0":11,"1":3,"2":10,"3":2,"4":6,"5":4,"6":0},"b":{}}
,"/Users/lopez/Projects/Trabajos Practicos/Tec_avz_prog/tp-banners/src/banners/banners.module.ts": {"path":"/Users/lopez/Projects/Trabajos Practicos/Tec_avz_prog/tp-banners/src/banners/banners.module.ts","statementMap":{"0":{"start":{"line":1,"column":0},"end":{"line":1,"column":40}},"1":{"start":{"line":2,"column":0},"end":{"line":2,"column":51}},"2":{"start":{"line":3,"column":0},"end":{"line":3,"column":57}},"3":{"start":{"line":4,"column":0},"end":{"line":4,"column":63}},"4":{"start":{"line":5,"column":0},"end":{"line":5,"column":65}},"5":{"start":{"line":6,"column":0},"end":{"line":6,"column":53}},"6":{"start":{"line":7,"column":0},"end":{"line":7,"column":50}},"7":{"start":{"line":8,"column":0},"end":{"line":8,"column":61}},"8":{"start":{"line":16,"column":7},"end":{"line":16,"column":null}},"9":{"start":{"line":16,"column":13},"end":{"line":16,"column":26}},"10":{"start":{"line":16,"column":13},"end":{"line":16,"column":null}}},"fnMap":{},"branchMap":{},"s":{"0":11,"1":11,"2":11,"3":11,"4":11,"5":11,"6":11,"7":11,"8":11,"9":11,"10":11},"f":{},"b":{}}
,"/Users/lopez/Projects/Trabajos Practicos/Tec_avz_prog/tp-banners/src/banners/banners.service.ts": {"path":"/Users/lopez/Projects/Trabajos Practicos/Tec_avz_prog/tp-banners/src/banners/banners.service.ts","statementMap":{"0":{"start":{"line":1,"column":0},"end":{"line":1,"column":92}},"1":{"start":{"line":4,"column":0},"end":{"line":4,"column":65}},"2":{"start":{"line":5,"column":0},"end":{"line":5,"column":78}},"3":{"start":{"line":6,"column":0},"end":{"line":6,"column":65}},"4":{"start":{"line":7,"column":0},"end":{"line":7,"column":55}},"5":{"start":{"line":9,"column":0},"end":{"line":9,"column":71}},"6":{"start":{"line":13,"column":27},"end":{"line":145,"column":null}},"7":{"start":{"line":14,"column":28},"end":{"line":14,"column":59}},"8":{"start":{"line":17,"column":21},"end":{"line":17,"column":29}},"9":{"start":{"line":18,"column":21},"end":{"line":18,"column":32}},"10":{"start":{"line":19,"column":21},"end":{"line":19,"column":35}},"11":{"start":{"line":27,"column":4},"end":{"line":43,"column":47}},"12":{"start":{"line":28,"column":6},"end":{"line":30,"column":7}},"13":{"start":{"line":29,"column":8},"end":{"line":29,"column":64}},"14":{"start":{"line":32,"column":40},"end":{"line":32,"column":81}},"15":{"start":{"line":34,"column":6},"end":{"line":42,"column":7}},"16":{"start":{"line":35,"column":26},"end":{"line":35,"column":85}},"17":{"start":{"line":36,"column":8},"end":{"line":36,"column":68}},"18":{"start":{"line":38,"column":8},"end":{"line":40,"column":9}},"19":{"start":{"line":39,"column":10},"end":{"line":39,"column":57}},"20":{"start":{"line":41,"column":8},"end":{"line":41,"column":18}},"21":{"start":{"line":47,"column":4},"end":{"line":57,"column":45}},"22":{"start":{"line":48,"column":41},"end":{"line":48,"column":54}},"23":{"start":{"line":49,"column":6},"end":{"line":56,"column":9}},"24":{"start":{"line":61,"column":4},"end":{"line":76,"column":52}},"25":{"start":{"line":62,"column":20},"end":{"line":62,"column":30}},"26":{"start":{"line":63,"column":6},"end":{"line":75,"column":9}},"27":{"start":{"line":80,"column":4},"end":{"line":87,"column":31}},"28":{"start":{"line":81,"column":21},"end":{"line":81,"column":75}},"29":{"start":{"line":82,"column":6},"end":{"line":85,"column":7}},"30":{"start":{"line":83,"column":8},"end":{"line":83,"column":52}},"31":{"start":{"line":84,"column":8},"end":{"line":84,"column":56}},"32":{"start":{"line":86,"column":6},"end":{"line":86,"column":20}},"33":{"start":{"line":96,"column":4},"end":{"line":125,"column":47}},"34":{"start":{"line":98,"column":6},"end":{"line":102,"column":7}},"35":{"start":{"line":99,"column":8},"end":{"line":101,"column":10}},"36":{"start":{"line":106,"column":6},"end":{"line":110,"column":7}},"37":{"start":{"line":107,"column":23},"end":{"line":107,"column":64}},"38":{"start":{"line":108,"column":8},"end":{"line":108,"column":39}},"39":{"start":{"line":109,"column":8},"end":{"line":109,"column":37}},"40":{"start":{"line":112,"column":6},"end":{"line":124,"column":7}},"41":{"start":{"line":113,"column":26},"end":{"line":113,"column":89}},"42":{"start":{"line":114,"column":8},"end":{"line":117,"column":11}},"43":{"start":{"line":120,"column":8},"end":{"line":122,"column":9}},"44":{"start":{"line":121,"column":10},"end":{"line":121,"column":57}},"45":{"start":{"line":123,"column":8},"end":{"line":123,"column":18}},"46":{"start":{"line":130,"column":4},"end":{"line":143,"column":47}},"47":{"start":{"line":131,"column":21},"end":{"line":133,"column":8}},"48":{"start":{"line":134,"column":6},"end":{"line":136,"column":7}},"49":{"start":{"line":135,"column":8},"end":{"line":135,"column":62}},"50":{"start":{"line":138,"column":6},"end":{"line":140,"column":7}},"51":{"start":{"line":138,"column":65},"end":{"line":138,"column":98}},"52":{"start":{"line":139,"column":8},"end":{"line":139,"column":86}},"53":{"start":{"line":142,"column":6},"end":{"line":142,"column":64}},"54":{"start":{"line":13,"column":13},"end":{"line":13,"column":27}},"55":{"start":{"line":13,"column":13},"end":{"line":145,"column":null}}},"fnMap":{"0":{"name":"(anonymous_2)","decl":{"start":{"line":16,"column":2},"end":{"line":16,"column":null}},"loc":{"start":{"line":19,"column":47},"end":{"line":20,"column":7}}},"1":{"name":"(anonymous_3)","decl":{"start":{"line":22,"column":2},"end":{"line":22,"column":7}},"loc":{"start":{"line":25,"column":23},"end":{"line":44,"column":3}}},"2":{"name":"(anonymous_4)","decl":{"start":{"line":27,"column":25},"end":{"line":27,"column":30}},"loc":{"start":{"line":27,"column":36},"end":{"line":43,"column":5}}},"3":{"name":"(anonymous_5)","decl":{"start":{"line":46,"column":2},"end":{"line":46,"column":9}},"loc":{"start":{"line":46,"column":38},"end":{"line":58,"column":3}}},"4":{"name":"(anonymous_6)","decl":{"start":{"line":47,"column":25},"end":{"line":47,"column":30}},"loc":{"start":{"line":47,"column":36},"end":{"line":57,"column":5}}},"5":{"name":"(anonymous_7)","decl":{"start":{"line":60,"column":2},"end":{"line":60,"column":7}},"loc":{"start":{"line":60,"column":21},"end":{"line":77,"column":3}}},"6":{"name":"(anonymous_8)","decl":{"start":{"line":61,"column":25},"end":{"line":61,"column":30}},"loc":{"start":{"line":61,"column":36},"end":{"line":76,"column":5}}},"7":{"name":"(anonymous_9)","decl":{"start":{"line":79,"column":2},"end":{"line":79,"column":9}},"loc":{"start":{"line":79,"column":20},"end":{"line":88,"column":3}}},"8":{"name":"(anonymous_10)","decl":{"start":{"line":80,"column":25},"end":{"line":80,"column":30}},"loc":{"start":{"line":80,"column":36},"end":{"line":87,"column":5}}},"9":{"name":"(anonymous_11)","decl":{"start":{"line":90,"column":2},"end":{"line":90,"column":7}},"loc":{"start":{"line":94,"column":30},"end":{"line":126,"column":3}}},"10":{"name":"(anonymous_12)","decl":{"start":{"line":96,"column":25},"end":{"line":96,"column":30}},"loc":{"start":{"line":96,"column":36},"end":{"line":125,"column":5}}},"11":{"name":"(anonymous_13)","decl":{"start":{"line":129,"column":2},"end":{"line":129,"column":8}},"loc":{"start":{"line":129,"column":40},"end":{"line":144,"column":3}}},"12":{"name":"(anonymous_14)","decl":{"start":{"line":130,"column":25},"end":{"line":130,"column":30}},"loc":{"start":{"line":130,"column":36},"end":{"line":143,"column":5}}},"13":{"name":"(anonymous_15)","decl":{"start":{"line":138,"column":57},"end":{"line":138,"column":61}},"loc":{"start":{"line":138,"column":65},"end":{"line":138,"column":98}}}},"branchMap":{"0":{"loc":{"start":{"line":28,"column":6},"end":{"line":30,"column":7}},"type":"if","locations":[{"start":{"line":28,"column":6},"end":{"line":30,"column":7}}]},"1":{"loc":{"start":{"line":38,"column":8},"end":{"line":40,"column":9}},"type":"if","locations":[{"start":{"line":38,"column":8},"end":{"line":40,"column":9}}]},"2":{"loc":{"start":{"line":48,"column":14},"end":{"line":48,"column":24}},"type":"default-arg","locations":[{"start":{"line":48,"column":22},"end":{"line":48,"column":24}}]},"3":{"loc":{"start":{"line":48,"column":26},"end":{"line":48,"column":36}},"type":"default-arg","locations":[{"start":{"line":48,"column":35},"end":{"line":48,"column":36}}]},"4":{"loc":{"start":{"line":82,"column":6},"end":{"line":85,"column":7}},"type":"if","locations":[{"start":{"line":82,"column":6},"end":{"line":85,"column":7}}]},"5":{"loc":{"start":{"line":98,"column":6},"end":{"line":102,"column":7}},"type":"if","locations":[{"start":{"line":98,"column":6},"end":{"line":102,"column":7}}]},"6":{"loc":{"start":{"line":98,"column":10},"end":{"line":98,"column":49}},"type":"binary-expr","locations":[{"start":{"line":98,"column":10},"end":{"line":98,"column":15}},{"start":{"line":98,"column":19},"end":{"line":98,"column":49}}]},"7":{"loc":{"start":{"line":106,"column":6},"end":{"line":110,"column":7}},"type":"if","locations":[{"start":{"line":106,"column":6},"end":{"line":110,"column":7}}]},"8":{"loc":{"start":{"line":120,"column":8},"end":{"line":122,"column":9}},"type":"if","locations":[{"start":{"line":120,"column":8},"end":{"line":122,"column":9}}]},"9":{"loc":{"start":{"line":134,"column":6},"end":{"line":136,"column":7}},"type":"if","locations":[{"start":{"line":134,"column":6},"end":{"line":136,"column":7}}]},"10":{"loc":{"start":{"line":138,"column":6},"end":{"line":140,"column":7}},"type":"if","locations":[{"start":{"line":138,"column":6},"end":{"line":140,"column":7}}]},"11":{"loc":{"start":{"line":138,"column":10},"end":{"line":138,"column":99}},"type":"binary-expr","locations":[{"start":{"line":138,"column":10},"end":{"line":138,"column":36}},{"start":{"line":138,"column":40},"end":{"line":138,"column":99}}]}},"s":{"0":11,"1":11,"2":11,"3":11,"4":11,"5":11,"6":11,"7":11,"8":11,"9":11,"10":11,"11":3,"12":3,"13":1,"14":2,"15":2,"16":2,"17":1,"18":1,"19":1,"20":1,"21":10,"22":10,"23":10,"24":2,"25":2,"26":2,"27":6,"28":6,"29":6,"30":2,"31":2,"32":4,"33":4,"34":4,"35":0,"36":4,"37":2,"38":2,"39":2,"40":4,"41":4,"42":2,"43":2,"44":1,"45":2,"46":0,"47":0,"48":0,"49":0,"50":0,"51":0,"52":0,"53":0,"54":11,"55":11},"f":{"0":11,"1":3,"2":3,"3":10,"4":10,"5":2,"6":2,"7":6,"8":6,"9":4,"10":4,"11":0,"12":0,"13":0},"b":{"0":[1],"1":[1],"2":[8],"3":[8],"4":[2],"5":[0],"6":[4,2],"7":[2],"8":[1],"9":[0],"10":[0],"11":[0,0]}}
,"/Users/lopez/Projects/Trabajos Practicos/Tec_avz_prog/tp-banners/src/banners/decorators/swagger/api-create-banner.decorator.ts": {"path":"/Users/lopez/Projects/Trabajos Practicos/Tec_avz_prog/tp-banners/src/banners/decorators/swagger/api-create-banner.decorator.ts","statementMap":{"0":{"start":{"line":9,"column":0},"end":{"line":9,"column":16}},"1":{"start":{"line":1,"column":0},"end":{"line":1,"column":49}},"2":{"start":{"line":2,"column":0},"end":{"line":2,"column":null}},"3":{"start":{"line":10,"column":4},"end":{"line":67,"column":6}}},"fnMap":{"0":{"name":"ApiCreateBanner","decl":{"start":{"line":9,"column":16},"end":{"line":9,"column":31}},"loc":{"start":{"line":9,"column":31},"end":{"line":68,"column":1}}}},"branchMap":{},"s":{"0":11,"1":11,"2":11,"3":11},"f":{"0":11},"b":{}}
,"/Users/lopez/Projects/Trabajos Practicos/Tec_avz_prog/tp-banners/src/banners/decorators/swagger/api-delete-banner.decorator.ts": {"path":"/Users/lopez/Projects/Trabajos Practicos/Tec_avz_prog/tp-banners/src/banners/decorators/swagger/api-delete-banner.decorator.ts","statementMap":{"0":{"start":{"line":4,"column":0},"end":{"line":4,"column":16}},"1":{"start":{"line":1,"column":0},"end":{"line":1,"column":49}},"2":{"start":{"line":2,"column":0},"end":{"line":2,"column":61}},"3":{"start":{"line":5,"column":4},"end":{"line":13,"column":6}}},"fnMap":{"0":{"name":"ApiDeleteBanner","decl":{"start":{"line":4,"column":16},"end":{"line":4,"column":31}},"loc":{"start":{"line":4,"column":31},"end":{"line":14,"column":1}}}},"branchMap":{},"s":{"0":11,"1":11,"2":11,"3":11},"f":{"0":11},"b":{}}
,"/Users/lopez/Projects/Trabajos Practicos/Tec_avz_prog/tp-banners/src/banners/decorators/swagger/api-get-all-active-banner.decorator.ts": {"path":"/Users/lopez/Projects/Trabajos Practicos/Tec_avz_prog/tp-banners/src/banners/decorators/swagger/api-get-all-active-banner.decorator.ts","statementMap":{"0":{"start":{"line":4,"column":0},"end":{"line":4,"column":16}},"1":{"start":{"line":1,"column":0},"end":{"line":1,"column":49}},"2":{"start":{"line":2,"column":0},"end":{"line":2,"column":46}},"3":{"start":{"line":5,"column":4},"end":{"line":8,"column":6}}},"fnMap":{"0":{"name":"ApiGetAllActiveBanners","decl":{"start":{"line":4,"column":16},"end":{"line":4,"column":38}},"loc":{"start":{"line":4,"column":38},"end":{"line":9,"column":1}}}},"branchMap":{},"s":{"0":11,"1":11,"2":11,"3":11},"f":{"0":11},"b":{}}
,"/Users/lopez/Projects/Trabajos Practicos/Tec_avz_prog/tp-banners/src/banners/decorators/swagger/api-get-all-banners.decorator.ts": {"path":"/Users/lopez/Projects/Trabajos Practicos/Tec_avz_prog/tp-banners/src/banners/decorators/swagger/api-get-all-banners.decorator.ts","statementMap":{"0":{"start":{"line":4,"column":0},"end":{"line":4,"column":16}},"1":{"start":{"line":1,"column":0},"end":{"line":1,"column":49}},"2":{"start":{"line":2,"column":0},"end":{"line":2,"column":46}},"3":{"start":{"line":5,"column":4},"end":{"line":8,"column":6}}},"fnMap":{"0":{"name":"ApiGetAllBanners","decl":{"start":{"line":4,"column":16},"end":{"line":4,"column":32}},"loc":{"start":{"line":4,"column":32},"end":{"line":9,"column":1}}}},"branchMap":{},"s":{"0":11,"1":11,"2":11,"3":11},"f":{"0":11},"b":{}}
,"/Users/lopez/Projects/Trabajos Practicos/Tec_avz_prog/tp-banners/src/banners/decorators/swagger/api-get-banner-by-id.decorator.ts": {"path":"/Users/lopez/Projects/Trabajos Practicos/Tec_avz_prog/tp-banners/src/banners/decorators/swagger/api-get-banner-by-id.decorator.ts","statementMap":{"0":{"start":{"line":4,"column":0},"end":{"line":4,"column":16}},"1":{"start":{"line":1,"column":0},"end":{"line":1,"column":49}},"2":{"start":{"line":2,"column":0},"end":{"line":2,"column":61}},"3":{"start":{"line":5,"column":4},"end":{"line":13,"column":6}}},"fnMap":{"0":{"name":"ApiGetBannerById","decl":{"start":{"line":4,"column":16},"end":{"line":4,"column":32}},"loc":{"start":{"line":4,"column":32},"end":{"line":14,"column":1}}}},"branchMap":{},"s":{"0":11,"1":11,"2":11,"3":11},"f":{"0":11},"b":{}}
,"/Users/lopez/Projects/Trabajos Practicos/Tec_avz_prog/tp-banners/src/banners/decorators/swagger/api-update-banner.decorator.ts": {"path":"/Users/lopez/Projects/Trabajos Practicos/Tec_avz_prog/tp-banners/src/banners/decorators/swagger/api-update-banner.decorator.ts","statementMap":{"0":{"start":{"line":4,"column":0},"end":{"line":4,"column":16}},"1":{"start":{"line":1,"column":0},"end":{"line":1,"column":49}},"2":{"start":{"line":2,"column":0},"end":{"line":2,"column":83}},"3":{"start":{"line":5,"column":4},"end":{"line":63,"column":6}}},"fnMap":{"0":{"name":"ApiUpdateBanner","decl":{"start":{"line":4,"column":16},"end":{"line":4,"column":31}},"loc":{"start":{"line":4,"column":31},"end":{"line":64,"column":1}}}},"branchMap":{},"s":{"0":11,"1":11,"2":11,"3":11},"f":{"0":11},"b":{}}
,"/Users/lopez/Projects/Trabajos Practicos/Tec_avz_prog/tp-banners/src/banners/decorators/swagger/index.ts": {"path":"/Users/lopez/Projects/Trabajos Practicos/Tec_avz_prog/tp-banners/src/banners/decorators/swagger/index.ts","statementMap":{"0":{"start":{"line":1,"column":0},"end":{"line":1,"column":64}},"1":{"start":{"line":2,"column":0},"end":{"line":2,"column":67}},"2":{"start":{"line":3,"column":0},"end":{"line":3,"column":68}},"3":{"start":{"line":4,"column":0},"end":{"line":4,"column":64}},"4":{"start":{"line":5,"column":0},"end":{"line":5,"column":64}},"5":{"start":{"line":6,"column":0},"end":{"line":6,"column":79}},"6":{"start":{"line":8,"column":0},"end":{"line":15,"column":2}}},"fnMap":{},"branchMap":{},"s":{"0":11,"1":11,"2":11,"3":11,"4":11,"5":11,"6":11},"f":{},"b":{}}
,"/Users/lopez/Projects/Trabajos Practicos/Tec_avz_prog/tp-banners/src/banners/dto/create-banner.dto.ts": {"path":"/Users/lopez/Projects/Trabajos Practicos/Tec_avz_prog/tp-banners/src/banners/dto/create-banner.dto.ts","statementMap":{"0":{"start":{"line":1,"column":0},"end":{"line":1,"column":49}},"1":{"start":{"line":2,"column":0},"end":{"line":2,"column":41}},"2":{"start":{"line":3,"column":0},"end":{"line":3,"column":146}},"3":{"start":{"line":4,"column":0},"end":{"line":4,"column":46}},"4":{"start":{"line":6,"column":0},"end":{"line":6,"column":13}},"5":{"start":{"line":16,"column":4},"end":{"line":16,"column":null}},"6":{"start":{"line":26,"column":4},"end":{"line":26,"column":null}},"7":{"start":{"line":23,"column":16},"end":{"line":23,"column":20}},"8":{"start":{"line":36,"column":4},"end":{"line":36,"column":null}},"9":{"start":{"line":33,"column":16},"end":{"line":33,"column":20}},"10":{"start":{"line":47,"column":4},"end":{"line":47,"column":null}},"11":{"start":{"line":46,"column":16},"end":{"line":46,"column":22}},"12":{"start":{"line":55,"column":4},"end":{"line":55,"column":null}},"13":{"start":{"line":65,"column":4},"end":{"line":65,"column":null}},"14":{"start":{"line":77,"column":4},"end":{"line":77,"column":null}}},"fnMap":{"0":{"name":"(anonymous_2)","decl":{"start":{"line":23,"column":10},"end":{"line":23,"column":13}},"loc":{"start":{"line":23,"column":16},"end":{"line":23,"column":20}}},"1":{"name":"(anonymous_3)","decl":{"start":{"line":33,"column":10},"end":{"line":33,"column":13}},"loc":{"start":{"line":33,"column":16},"end":{"line":33,"column":20}}},"2":{"name":"(anonymous_4)","decl":{"start":{"line":46,"column":10},"end":{"line":46,"column":13}},"loc":{"start":{"line":46,"column":16},"end":{"line":46,"column":22}}}},"branchMap":{},"s":{"0":11,"1":11,"2":11,"3":11,"4":11,"5":11,"6":11,"7":0,"8":11,"9":3,"10":11,"11":3,"12":11,"13":11,"14":11},"f":{"0":0,"1":3,"2":3},"b":{}}
,"/Users/lopez/Projects/Trabajos Practicos/Tec_avz_prog/tp-banners/src/banners/dto/update-banner.dto.ts": {"path":"/Users/lopez/Projects/Trabajos Practicos/Tec_avz_prog/tp-banners/src/banners/dto/update-banner.dto.ts","statementMap":{"0":{"start":{"line":1,"column":0},"end":{"line":1,"column":46}},"1":{"start":{"line":2,"column":0},"end":{"line":2,"column":54}},"2":{"start":{"line":3,"column":0},"end":{"line":3,"column":75}},"3":{"start":{"line":6,"column":0},"end":{"line":6,"column":13}},"4":{"start":{"line":8,"column":0},"end":{"line":20,"column":19}}},"fnMap":{},"branchMap":{},"s":{"0":11,"1":11,"2":11,"3":11,"4":11},"f":{},"b":{}}
,"/Users/lopez/Projects/Trabajos Practicos/Tec_avz_prog/tp-banners/src/banners/utils/banner.repository.ts": {"path":"/Users/lopez/Projects/Trabajos Practicos/Tec_avz_prog/tp-banners/src/banners/utils/banner.repository.ts","statementMap":{"0":{"start":{"line":1,"column":0},"end":{"line":1,"column":44}},"1":{"start":{"line":2,"column":0},"end":{"line":2,"column":65}},"2":{"start":{"line":6,"column":7},"end":{"line":47,"column":null}},"3":{"start":{"line":7,"column":33},"end":{"line":7,"column":41}},"4":{"start":{"line":10,"column":22},"end":{"line":10,"column":32}},"5":{"start":{"line":11,"column":23},"end":{"line":11,"column":38}},"6":{"start":{"line":12,"column":8},"end":{"line":12,"column":47}},"7":{"start":{"line":13,"column":8},"end":{"line":16,"column":11}},"8":{"start":{"line":20,"column":8},"end":{"line":23,"column":11}},"9":{"start":{"line":27,"column":8},"end":{"line":30,"column":11}},"10":{"start":{"line":34,"column":8},"end":{"line":34,"column":86}},"11":{"start":{"line":38,"column":8},"end":{"line":41,"column":11}},"12":{"start":{"line":45,"column":8},"end":{"line":45,"column":60}},"13":{"start":{"line":6,"column":13},"end":{"line":6,"column":29}},"14":{"start":{"line":6,"column":13},"end":{"line":47,"column":null}}},"fnMap":{"0":{"name":"(anonymous_2)","decl":{"start":{"line":7,"column":4},"end":{"line":7,"column":33}},"loc":{"start":{"line":7,"column":54},"end":{"line":7,"column":59}}},"1":{"name":"(anonymous_3)","decl":{"start":{"line":9,"column":4},"end":{"line":9,"column":9}},"loc":{"start":{"line":9,"column":40},"end":{"line":17,"column":5}}},"2":{"name":"(anonymous_4)","decl":{"start":{"line":19,"column":4},"end":{"line":19,"column":9}},"loc":{"start":{"line":19,"column":37},"end":{"line":24,"column":5}}},"3":{"name":"(anonymous_5)","decl":{"start":{"line":26,"column":4},"end":{"line":26,"column":9}},"loc":{"start":{"line":26,"column":31},"end":{"line":31,"column":5}}},"4":{"name":"(anonymous_6)","decl":{"start":{"line":33,"column":4},"end":{"line":33,"column":16}},"loc":{"start":{"line":33,"column":27},"end":{"line":35,"column":5}}},"5":{"name":"(anonymous_7)","decl":{"start":{"line":37,"column":4},"end":{"line":37,"column":21}},"loc":{"start":{"line":37,"column":51},"end":{"line":42,"column":5}}},"6":{"name":"(anonymous_8)","decl":{"start":{"line":44,"column":4},"end":{"line":44,"column":14}},"loc":{"start":{"line":44,"column":25},"end":{"line":46,"column":5}}}},"branchMap":{},"s":{"0":11,"1":11,"2":11,"3":11,"4":0,"5":0,"6":0,"7":0,"8":0,"9":0,"10":0,"11":0,"12":0,"13":11,"14":11},"f":{"0":11,"1":0,"2":0,"3":0,"4":0,"5":0,"6":0},"b":{}}
,"/Users/lopez/Projects/Trabajos Practicos/Tec_avz_prog/tp-banners/src/banners/validations/banner.validator.ts": {"path":"/Users/lopez/Projects/Trabajos Practicos/Tec_avz_prog/tp-banners/src/banners/validations/banner.validator.ts","statementMap":{"0":{"start":{"line":1,"column":0},"end":{"line":1,"column":92}},"1":{"start":{"line":2,"column":0},"end":{"line":2,"column":65}},"2":{"start":{"line":3,"column":0},"end":{"line":3,"column":65}},"3":{"start":{"line":6,"column":0},"end":{"line":6,"column":71}},"4":{"start":{"line":8,"column":0},"end":{"line":8,"column":118}},"5":{"start":{"line":11,"column":28},"end":{"line":136,"column":null}},"6":{"start":{"line":12,"column":30},"end":{"line":12,"column":62}},"7":{"start":{"line":14,"column":33},"end":{"line":14,"column":41}},"8":{"start":{"line":17,"column":8},"end":{"line":17,"column":58}},"9":{"start":{"line":20,"column":26},"end":{"line":20,"column":54}},"10":{"start":{"line":22,"column":24},"end":{"line":22,"column":44}},"11":{"start":{"line":25,"column":8},"end":{"line":25,"column":42}},"12":{"start":{"line":28,"column":8},"end":{"line":28,"column":80}},"13":{"start":{"line":32,"column":25},"end":{"line":32,"column":72}},"14":{"start":{"line":35,"column":8},"end":{"line":35,"column":96}},"15":{"start":{"line":39,"column":8},"end":{"line":39,"column":83}},"16":{"start":{"line":41,"column":8},"end":{"line":55,"column":10}},"17":{"start":{"line":59,"column":8},"end":{"line":59,"column":68}},"18":{"start":{"line":61,"column":25},"end":{"line":69,"column":10}},"19":{"start":{"line":70,"column":8},"end":{"line":72,"column":9}},"20":{"start":{"line":71,"column":12},"end":{"line":71,"column":72}},"21":{"start":{"line":75,"column":8},"end":{"line":77,"column":9}},"22":{"start":{"line":75,"column":69},"end":{"line":75,"column":102}},"23":{"start":{"line":76,"column":12},"end":{"line":76,"column":90}},"24":{"start":{"line":79,"column":26},"end":{"line":79,"column":63}},"25":{"start":{"line":80,"column":24},"end":{"line":80,"column":65}},"26":{"start":{"line":81,"column":8},"end":{"line":81,"column":42}},"27":{"start":{"line":84,"column":8},"end":{"line":86,"column":9}},"28":{"start":{"line":85,"column":12},"end":{"line":85,"column":84}},"29":{"start":{"line":89,"column":33},"end":{"line":89,"column":50}},"30":{"start":{"line":90,"column":8},"end":{"line":92,"column":9}},"31":{"start":{"line":91,"column":12},"end":{"line":91,"column":71}},"32":{"start":{"line":95,"column":8},"end":{"line":99,"column":9}},"33":{"start":{"line":96,"column":12},"end":{"line":98,"column":14}},"34":{"start":{"line":103,"column":8},"end":{"line":103,"column":106}},"35":{"start":{"line":106,"column":8},"end":{"line":118,"column":9}},"36":{"start":{"line":108,"column":12},"end":{"line":115,"column":13}},"37":{"start":{"line":109,"column":16},"end":{"line":111,"column":18}},"38":{"start":{"line":112,"column":16},"end":{"line":114,"column":18}},"39":{"start":{"line":117,"column":12},"end":{"line":117,"column":97}},"40":{"start":{"line":120,"column":8},"end":{"line":133,"column":10}},"41":{"start":{"line":11,"column":13},"end":{"line":11,"column":28}},"42":{"start":{"line":11,"column":13},"end":{"line":136,"column":null}}},"fnMap":{"0":{"name":"(anonymous_2)","decl":{"start":{"line":14,"column":4},"end":{"line":14,"column":33}},"loc":{"start":{"line":14,"column":54},"end":{"line":14,"column":59}}},"1":{"name":"(anonymous_3)","decl":{"start":{"line":16,"column":4},"end":{"line":16,"column":9}},"loc":{"start":{"line":16,"column":85},"end":{"line":56,"column":5}}},"2":{"name":"(anonymous_4)","decl":{"start":{"line":58,"column":4},"end":{"line":58,"column":9}},"loc":{"start":{"line":58,"column":104},"end":{"line":134,"column":5}}},"3":{"name":"(anonymous_5)","decl":{"start":{"line":75,"column":61},"end":{"line":75,"column":65}},"loc":{"start":{"line":75,"column":69},"end":{"line":75,"column":102}}}},"branchMap":{"0":{"loc":{"start":{"line":20,"column":26},"end":{"line":20,"column":54}},"type":"binary-expr","locations":[{"start":{"line":20,"column":26},"end":{"line":20,"column":40}},{"start":{"line":20,"column":44},"end":{"line":20,"column":54}}]},"1":{"loc":{"start":{"line":22,"column":24},"end":{"line":22,"column":44}},"type":"binary-expr","locations":[{"start":{"line":22,"column":24},"end":{"line":22,"column":36}},{"start":{"line":22,"column":40},"end":{"line":22,"column":44}}]},"2":{"loc":{"start":{"line":47,"column":17},"end":{"line":47,"column":83}},"type":"binary-expr","locations":[{"start":{"line":47,"column":17},"end":{"line":47,"column":57}},{"start":{"line":47,"column":61},"end":{"line":47,"column":83}}]},"3":{"loc":{"start":{"line":49,"column":16},"end":{"line":51,"column":26}},"type":"cond-expr","locations":[{"start":{"line":50,"column":22},"end":{"line":50,"column":40}},{"start":{"line":51,"column":22},"end":{"line":51,"column":26}}]},"4":{"loc":{"start":{"line":70,"column":8},"end":{"line":72,"column":9}},"type":"if","locations":[{"start":{"line":70,"column":8},"end":{"line":72,"column":9}}]},"5":{"loc":{"start":{"line":75,"column":8},"end":{"line":77,"column":9}},"type":"if","locations":[{"start":{"line":75,"column":8},"end":{"line":77,"column":9}}]},"6":{"loc":{"start":{"line":75,"column":12},"end":{"line":75,"column":103}},"type":"binary-expr","locations":[{"start":{"line":75,"column":12},"end":{"line":75,"column":40}},{"start":{"line":75,"column":44},"end":{"line":75,"column":103}}]},"7":{"loc":{"start":{"line":79,"column":26},"end":{"line":79,"column":63}},"type":"binary-expr","locations":[{"start":{"line":79,"column":26},"end":{"line":79,"column":40}},{"start":{"line":79,"column":44},"end":{"line":79,"column":63}}]},"8":{"loc":{"start":{"line":80,"column":24},"end":{"line":80,"column":65}},"type":"binary-expr","locations":[{"start":{"line":80,"column":24},"end":{"line":80,"column":36}},{"start":{"line":80,"column":40},"end":{"line":80,"column":57}},{"start":{"line":80,"column":61},"end":{"line":80,"column":65}}]},"9":{"loc":{"start":{"line":84,"column":8},"end":{"line":86,"column":9}},"type":"if","locations":[{"start":{"line":84,"column":8},"end":{"line":86,"column":9}}]},"10":{"loc":{"start":{"line":90,"column":8},"end":{"line":92,"column":9}},"type":"if","locations":[{"start":{"line":90,"column":8},"end":{"line":92,"column":9}}]},"11":{"loc":{"start":{"line":95,"column":8},"end":{"line":99,"column":9}},"type":"if","locations":[{"start":{"line":95,"column":8},"end":{"line":99,"column":9}}]},"12":{"loc":{"start":{"line":95,"column":12},"end":{"line":95,"column":65}},"type":"binary-expr","locations":[{"start":{"line":95,"column":12},"end":{"line":95,"column":36}},{"start":{"line":95,"column":40},"end":{"line":95,"column":65}}]},"13":{"loc":{"start":{"line":106,"column":8},"end":{"line":118,"column":9}},"type":"if","locations":[{"start":{"line":106,"column":8},"end":{"line":118,"column":9}}]},"14":{"loc":{"start":{"line":108,"column":12},"end":{"line":115,"column":13}},"type":"if","locations":[{"start":{"line":108,"column":12},"end":{"line":115,"column":13}}]},"15":{"loc":{"start":{"line":121,"column":16},"end":{"line":123,"column":14}},"type":"binary-expr","locations":[{"start":{"line":121,"column":16},"end":{"line":121,"column":50}},{"start":{"line":121,"column":54},"end":{"line":123,"column":14}}]},"16":{"loc":{"start":{"line":124,"column":16},"end":{"line":124,"column":73}},"type":"binary-expr","locations":[{"start":{"line":124,"column":16},"end":{"line":124,"column":44}},{"start":{"line":124,"column":48},"end":{"line":124,"column":73}}]},"17":{"loc":{"start":{"line":125,"column":16},"end":{"line":125,"column":80}},"type":"binary-expr","locations":[{"start":{"line":125,"column":16},"end":{"line":125,"column":42}},{"start":{"line":125,"column":46},"end":{"line":125,"column":80}}]},"18":{"loc":{"start":{"line":125,"column":58},"end":{"line":125,"column":78}},"type":"binary-expr","locations":[{"start":{"line":125,"column":58},"end":{"line":125,"column":65}},{"start":{"line":125,"column":69},"end":{"line":125,"column":78}}]},"19":{"loc":{"start":{"line":126,"column":16},"end":{"line":126,"column":96}},"type":"binary-expr","locations":[{"start":{"line":126,"column":16},"end":{"line":126,"column":50}},{"start":{"line":126,"column":54},"end":{"line":126,"column":96}}]},"20":{"loc":{"start":{"line":127,"column":16},"end":{"line":129,"column":14}},"type":"binary-expr","locations":[{"start":{"line":127,"column":16},"end":{"line":127,"column":48}},{"start":{"line":127,"column":52},"end":{"line":127,"column":102}},{"start":{"line":127,"column":106},"end":{"line":129,"column":14}}]},"21":{"loc":{"start":{"line":130,"column":16},"end":{"line":130,"column":77}},"type":"binary-expr","locations":[{"start":{"line":130,"column":16},"end":{"line":130,"column":45}},{"start":{"line":130,"column":49},"end":{"line":130,"column":77}}]},"22":{"loc":{"start":{"line":131,"column":16},"end":{"line":131,"column":81}},"type":"binary-expr","locations":[{"start":{"line":131,"column":16},"end":{"line":131,"column":41}},{"start":{"line":131,"column":45},"end":{"line":131,"column":81}}]},"23":{"loc":{"start":{"line":132,"column":16},"end":{"line":132,"column":53}},"type":"binary-expr","locations":[{"start":{"line":132,"column":16},"end":{"line":132,"column":25}},{"start":{"line":132,"column":29},"end":{"line":132,"column":53}}]}},"s":{"0":11,"1":11,"2":11,"3":11,"4":11,"5":11,"6":11,"7":11,"8":2,"9":2,"10":2,"11":2,"12":2,"13":1,"14":1,"15":1,"16":1,"17":4,"18":4,"19":4,"20":0,"21":4,"22":3,"23":1,"24":3,"25":3,"26":3,"27":2,"28":0,"29":2,"30":2,"31":0,"32":2,"33":0,"34":2,"35":2,"36":2,"37":0,"38":0,"39":2,"40":2,"41":11,"42":11},"f":{"0":11,"1":2,"2":4,"3":3},"b":{"0":[2,2],"1":[2,1],"2":[1,0],"3":[0,1],"4":[0],"5":[1],"6":[4,3],"7":[3,3],"8":[3,2,0],"9":[0],"10":[0],"11":[0],"12":[2,2],"13":[2],"14":[0],"15":[2,2],"16":[2,0],"17":[2,0],"18":[0,0],"19":[2,0],"20":[2,0,0],"21":[2,0],"22":[2,2],"23":[2,1]}}
,"/Users/lopez/Projects/Trabajos Practicos/Tec_avz_prog/tp-banners/src/banners/validations/utils/get-position.utils.ts": {"path":"/Users/lopez/Projects/Trabajos Practicos/Tec_avz_prog/tp-banners/src/banners/validations/utils/get-position.utils.ts","statementMap":{"0":{"start":{"line":6,"column":0},"end":{"line":6,"column":7}},"1":{"start":{"line":1,"column":0},"end":{"line":1,"column":61}},"2":{"start":{"line":4,"column":26},"end":{"line":4,"column":51}},"3":{"start":{"line":10,"column":21},"end":{"line":10,"column":72}},"4":{"start":{"line":11,"column":4},"end":{"line":14,"column":5}},"5":{"start":{"line":12,"column":8},"end":{"line":12,"column":68}},"6":{"start":{"line":13,"column":8},"end":{"line":13,"column":60}},"7":{"start":{"line":15,"column":4},"end":{"line":15,"column":20}}},"fnMap":{"0":{"name":"getPosition","decl":{"start":{"line":6,"column":22},"end":{"line":6,"column":33}},"loc":{"start":{"line":8,"column":14},"end":{"line":16,"column":1}}}},"branchMap":{"0":{"loc":{"start":{"line":11,"column":4},"end":{"line":14,"column":5}},"type":"if","locations":[{"start":{"line":11,"column":4},"end":{"line":14,"column":5}}]}},"s":{"0":11,"1":11,"2":11,"3":1,"4":1,"5":0,"6":0,"7":1},"f":{"0":1},"b":{"0":[0]}}
,"/Users/lopez/Projects/Trabajos Practicos/Tec_avz_prog/tp-banners/src/banners/validations/utils/index.ts": {"path":"/Users/lopez/Projects/Trabajos Practicos/Tec_avz_prog/tp-banners/src/banners/validations/utils/index.ts","statementMap":{"0":{"start":{"line":1,"column":0},"end":{"line":1,"column":39}},"1":{"start":{"line":2,"column":0},"end":{"line":2,"column":47}},"2":{"start":{"line":3,"column":0},"end":{"line":3,"column":37}},"3":{"start":{"line":4,"column":0},"end":{"line":4,"column":46}},"4":{"start":{"line":5,"column":0},"end":{"line":5,"column":47}}},"fnMap":{},"branchMap":{},"s":{"0":11,"1":11,"2":11,"3":11,"4":11},"f":{},"b":{}}
,"/Users/lopez/Projects/Trabajos Practicos/Tec_avz_prog/tp-banners/src/banners/validations/utils/validate-banner-count.utils.ts": {"path":"/Users/lopez/Projects/Trabajos Practicos/Tec_avz_prog/tp-banners/src/banners/validations/utils/validate-banner-count.utils.ts","statementMap":{"0":{"start":{"line":6,"column":0},"end":{"line":6,"column":7}},"1":{"start":{"line":1,"column":0},"end":{"line":1,"column":61}},"2":{"start":{"line":4,"column":28},"end":{"line":4,"column":61}},"3":{"start":{"line":15,"column":28},"end":{"line":18,"column":6}},"4":{"start":{"line":21,"column":24},"end":{"line":44,"column":10}},"5":{"start":{"line":46,"column":24},"end":{"line":46,"column":73}},"6":{"start":{"line":48,"column":4},"end":{"line":55,"column":5}},"7":{"start":{"line":49,"column":8},"end":{"line":51,"column":10}},"8":{"start":{"line":52,"column":8},"end":{"line":54,"column":10}}},"fnMap":{"0":{"name":"validateBannerCount","decl":{"start":{"line":6,"column":22},"end":{"line":6,"column":41}},"loc":{"start":{"line":12,"column":22},"end":{"line":56,"column":1}}}},"branchMap":{"0":{"loc":{"start":{"line":17,"column":13},"end":{"line":17,"column":54}},"type":"cond-expr","locations":[{"start":{"line":17,"column":25},"end":{"line":17,"column":42}},{"start":{"line":17,"column":45},"end":{"line":17,"column":54}}]},"1":{"loc":{"start":{"line":21,"column":24},"end":{"line":44,"column":10}},"type":"cond-expr","locations":[{"start":{"line":22,"column":10},"end":{"line":32,"column":null}},{"start":{"line":33,"column":10},"end":{"line":44,"column":10}}]},"2":{"loc":{"start":{"line":48,"column":4},"end":{"line":55,"column":5}},"type":"if","locations":[{"start":{"line":48,"column":4},"end":{"line":55,"column":5}}]}},"s":{"0":11,"1":11,"2":11,"3":3,"4":3,"5":3,"6":3,"7":0,"8":0},"f":{"0":3},"b":{"0":[2,1],"1":[0,3],"2":[0]}}
,"/Users/lopez/Projects/Trabajos Practicos/Tec_avz_prog/tp-banners/src/banners/validations/utils/validate-dates.utils.ts": {"path":"/Users/lopez/Projects/Trabajos Practicos/Tec_avz_prog/tp-banners/src/banners/validations/utils/validate-dates.utils.ts","statementMap":{"0":{"start":{"line":5,"column":0},"end":{"line":5,"column":16}},"1":{"start":{"line":1,"column":0},"end":{"line":1,"column":61}},"2":{"start":{"line":3,"column":28},"end":{"line":3,"column":55}},"3":{"start":{"line":6,"column":4},"end":{"line":11,"column":5}},"4":{"start":{"line":7,"column":8},"end":{"line":9,"column":10}},"5":{"start":{"line":10,"column":8},"end":{"line":10,"column":75}}},"fnMap":{"0":{"name":"validateDates","decl":{"start":{"line":5,"column":16},"end":{"line":5,"column":29}},"loc":{"start":{"line":5,"column":59},"end":{"line":12,"column":1}}}},"branchMap":{"0":{"loc":{"start":{"line":6,"column":4},"end":{"line":11,"column":5}},"type":"if","locations":[{"start":{"line":6,"column":4},"end":{"line":11,"column":5}}]},"1":{"loc":{"start":{"line":6,"column":8},"end":{"line":6,"column":27}},"type":"binary-expr","locations":[{"start":{"line":6,"column":8},"end":{"line":6,"column":11}},{"start":{"line":6,"column":15},"end":{"line":6,"column":27}}]}},"s":{"0":11,"1":11,"2":11,"3":5,"4":1,"5":1},"f":{"0":5},"b":{"0":[1],"1":[5,4]}}
,"/Users/lopez/Projects/Trabajos Practicos/Tec_avz_prog/tp-banners/src/banners/validations/utils/validate-display-order.utils.ts": {"path":"/Users/lopez/Projects/Trabajos Practicos/Tec_avz_prog/tp-banners/src/banners/validations/utils/validate-display-order.utils.ts","statementMap":{"0":{"start":{"line":6,"column":0},"end":{"line":6,"column":7}},"1":{"start":{"line":1,"column":0},"end":{"line":1,"column":61}},"2":{"start":{"line":4,"column":28},"end":{"line":4,"column":62}},"3":{"start":{"line":12,"column":4},"end":{"line":12,"column":32}},"4":{"start":{"line":12,"column":25},"end":{"line":12,"column":32}},"5":{"start":{"line":14,"column":4},"end":{"line":19,"column":5}},"6":{"start":{"line":15,"column":8},"end":{"line":15,"column":80}},"7":{"start":{"line":16,"column":8},"end":{"line":18,"column":10}},"8":{"start":{"line":21,"column":4},"end":{"line":28,"column":5}},"9":{"start":{"line":22,"column":8},"end":{"line":24,"column":10}},"10":{"start":{"line":25,"column":8},"end":{"line":27,"column":10}},"11":{"start":{"line":30,"column":21},"end":{"line":36,"column":6}},"12":{"start":{"line":37,"column":4},"end":{"line":44,"column":5}},"13":{"start":{"line":38,"column":8},"end":{"line":40,"column":10}},"14":{"start":{"line":41,"column":8},"end":{"line":43,"column":10}}},"fnMap":{"0":{"name":"validateDisplayOrder","decl":{"start":{"line":6,"column":22},"end":{"line":6,"column":42}},"loc":{"start":{"line":10,"column":22},"end":{"line":45,"column":1}}}},"branchMap":{"0":{"loc":{"start":{"line":12,"column":4},"end":{"line":12,"column":32}},"type":"if","locations":[{"start":{"line":12,"column":4},"end":{"line":12,"column":32}}]},"1":{"loc":{"start":{"line":14,"column":4},"end":{"line":19,"column":5}},"type":"if","locations":[{"start":{"line":14,"column":4},"end":{"line":19,"column":5}}]},"2":{"loc":{"start":{"line":21,"column":4},"end":{"line":28,"column":5}},"type":"if","locations":[{"start":{"line":21,"column":4},"end":{"line":28,"column":5}}]},"3":{"loc":{"start":{"line":21,"column":8},"end":{"line":21,"column":40}},"type":"binary-expr","locations":[{"start":{"line":21,"column":8},"end":{"line":21,"column":18}},{"start":{"line":21,"column":22},"end":{"line":21,"column":40}}]},"4":{"loc":{"start":{"line":34,"column":17},"end":{"line":34,"column":58}},"type":"cond-expr","locations":[{"start":{"line":34,"column":29},"end":{"line":34,"column":46}},{"start":{"line":34,"column":49},"end":{"line":34,"column":58}}]},"5":{"loc":{"start":{"line":37,"column":4},"end":{"line":44,"column":5}},"type":"if","locations":[{"start":{"line":37,"column":4},"end":{"line":44,"column":5}}]}},"s":{"0":11,"1":11,"2":11,"3":3,"4":0,"5":3,"6":0,"7":0,"8":3,"9":0,"10":0,"11":3,"12":3,"13":0,"14":0},"f":{"0":3},"b":{"0":[0],"1":[0],"2":[0],"3":[3,3],"4":[2,1],"5":[0]}}
,"/Users/lopez/Projects/Trabajos Practicos/Tec_avz_prog/tp-banners/src/banners/validations/utils/validate-renewal-logic.utils.ts": {"path":"/Users/lopez/Projects/Trabajos Practicos/Tec_avz_prog/tp-banners/src/banners/validations/utils/validate-renewal-logic.utils.ts","statementMap":{"0":{"start":{"line":6,"column":0},"end":{"line":6,"column":16}},"1":{"start":{"line":1,"column":0},"end":{"line":1,"column":61}},"2":{"start":{"line":2,"column":0},"end":{"line":2,"column":49}},"3":{"start":{"line":4,"column":30},"end":{"line":4,"column":64}},"4":{"start":{"line":12,"column":4},"end":{"line":15,"column":5}},"5":{"start":{"line":13,"column":8},"end":{"line":13,"column":77}},"6":{"start":{"line":14,"column":8},"end":{"line":14,"column":79}},"7":{"start":{"line":18,"column":4},"end":{"line":21,"column":5}},"8":{"start":{"line":19,"column":8},"end":{"line":19,"column":96}},"9":{"start":{"line":20,"column":8},"end":{"line":20,"column":97}},"10":{"start":{"line":24,"column":4},"end":{"line":33,"column":5}},"11":{"start":{"line":25,"column":8},"end":{"line":28,"column":9}},"12":{"start":{"line":26,"column":12},"end":{"line":26,"column":89}},"13":{"start":{"line":27,"column":12},"end":{"line":27,"column":95}},"14":{"start":{"line":29,"column":8},"end":{"line":32,"column":9}},"15":{"start":{"line":30,"column":12},"end":{"line":30,"column":77}},"16":{"start":{"line":31,"column":12},"end":{"line":31,"column":82}},"17":{"start":{"line":36,"column":4},"end":{"line":41,"column":5}},"18":{"start":{"line":37,"column":8},"end":{"line":40,"column":9}},"19":{"start":{"line":38,"column":12},"end":{"line":38,"column":79}},"20":{"start":{"line":39,"column":12},"end":{"line":39,"column":94}}},"fnMap":{"0":{"name":"validateRenewalLogic","decl":{"start":{"line":6,"column":16},"end":{"line":6,"column":36}},"loc":{"start":{"line":9,"column":21},"end":{"line":42,"column":1}}}},"branchMap":{"0":{"loc":{"start":{"line":12,"column":4},"end":{"line":15,"column":5}},"type":"if","locations":[{"start":{"line":12,"column":4},"end":{"line":15,"column":5}}]},"1":{"loc":{"start":{"line":18,"column":4},"end":{"line":21,"column":5}},"type":"if","locations":[{"start":{"line":18,"column":4},"end":{"line":21,"column":5}}]},"2":{"loc":{"start":{"line":18,"column":8},"end":{"line":18,"column":37}},"type":"binary-expr","locations":[{"start":{"line":18,"column":8},"end":{"line":18,"column":19}},{"start":{"line":18,"column":23},"end":{"line":18,"column":37}}]},"3":{"loc":{"start":{"line":24,"column":4},"end":{"line":33,"column":5}},"type":"if","locations":[{"start":{"line":24,"column":4},"end":{"line":33,"column":5}}]},"4":{"loc":{"start":{"line":25,"column":8},"end":{"line":28,"column":9}},"type":"if","locations":[{"start":{"line":25,"column":8},"end":{"line":28,"column":9}}]},"5":{"loc":{"start":{"line":29,"column":8},"end":{"line":32,"column":9}},"type":"if","locations":[{"start":{"line":29,"column":8},"end":{"line":32,"column":9}}]},"6":{"loc":{"start":{"line":36,"column":4},"end":{"line":41,"column":5}},"type":"if","locations":[{"start":{"line":36,"column":4},"end":{"line":41,"column":5}}]},"7":{"loc":{"start":{"line":37,"column":8},"end":{"line":40,"column":9}},"type":"if","locations":[{"start":{"line":37,"column":8},"end":{"line":40,"column":9}}]}},"s":{"0":11,"1":11,"2":11,"3":11,"4":2,"5":0,"6":0,"7":2,"8":0,"9":0,"10":2,"11":0,"12":0,"13":0,"14":0,"15":0,"16":0,"17":2,"18":2,"19":1,"20":1},"f":{"0":2},"b":{"0":[0],"1":[0],"2":[2,1],"3":[0],"4":[0],"5":[0],"6":[2],"7":[1]}}
,"/Users/lopez/Projects/Trabajos Practicos/Tec_avz_prog/tp-banners/src/common/common.module.ts": {"path":"/Users/lopez/Projects/Trabajos Practicos/Tec_avz_prog/tp-banners/src/common/common.module.ts","statementMap":{"0":{"start":{"line":1,"column":0},"end":{"line":1,"column":40}},"1":{"start":{"line":4,"column":7},"end":{"line":4,"column":null}},"2":{"start":{"line":4,"column":13},"end":{"line":4,"column":25}},"3":{"start":{"line":4,"column":13},"end":{"line":4,"column":null}}},"fnMap":{},"branchMap":{},"s":{"0":11,"1":11,"2":11,"3":11},"f":{},"b":{}}
,"/Users/lopez/Projects/Trabajos Practicos/Tec_avz_prog/tp-banners/src/common/dto/pagination.dto.ts": {"path":"/Users/lopez/Projects/Trabajos Practicos/Tec_avz_prog/tp-banners/src/common/dto/pagination.dto.ts","statementMap":{"0":{"start":{"line":1,"column":0},"end":{"line":1,"column":72}},"1":{"start":{"line":2,"column":0},"end":{"line":2,"column":41}},"2":{"start":{"line":3,"column":0},"end":{"line":3,"column":46}},"3":{"start":{"line":5,"column":0},"end":{"line":5,"column":13}},"4":{"start":{"line":15,"column":4},"end":{"line":15,"column":null}},"5":{"start":{"line":14,"column":16},"end":{"line":14,"column":22}},"6":{"start":{"line":26,"column":4},"end":{"line":26,"column":null}},"7":{"start":{"line":25,"column":16},"end":{"line":25,"column":22}}},"fnMap":{"0":{"name":"(anonymous_2)","decl":{"start":{"line":14,"column":10},"end":{"line":14,"column":13}},"loc":{"start":{"line":14,"column":16},"end":{"line":14,"column":22}}},"1":{"name":"(anonymous_3)","decl":{"start":{"line":25,"column":10},"end":{"line":25,"column":13}},"loc":{"start":{"line":25,"column":16},"end":{"line":25,"column":22}}}},"branchMap":{},"s":{"0":11,"1":11,"2":11,"3":11,"4":11,"5":5,"6":11,"7":5},"f":{"0":5,"1":5},"b":{}}
,"/Users/lopez/Projects/Trabajos Practicos/Tec_avz_prog/tp-banners/src/common/prisma/prisma.module.ts": {"path":"/Users/lopez/Projects/Trabajos Practicos/Tec_avz_prog/tp-banners/src/common/prisma/prisma.module.ts","statementMap":{"0":{"start":{"line":1,"column":0},"end":{"line":1,"column":40}},"1":{"start":{"line":2,"column":0},"end":{"line":2,"column":49}},"2":{"start":{"line":3,"column":0},"end":{"line":3,"column":61}},"3":{"start":{"line":26,"column":7},"end":{"line":26,"column":null}},"4":{"start":{"line":26,"column":13},"end":{"line":26,"column":25}},"5":{"start":{"line":26,"column":13},"end":{"line":26,"column":null}},"6":{"start":{"line":12,"column":25},"end":{"line":12,"column":46}},"7":{"start":{"line":13,"column":29},"end":{"line":13,"column":54}},"8":{"start":{"line":14,"column":25},"end":{"line":14,"column":46}},"9":{"start":{"line":15,"column":25},"end":{"line":15,"column":46}},"10":{"start":{"line":16,"column":29},"end":{"line":16,"column":50}},"11":{"start":{"line":18,"column":12},"end":{"line":18,"column":82}}},"fnMap":{"0":{"name":"(anonymous_1)","decl":{"start":{"line":11,"column":24},"end":{"line":11,"column":25}},"loc":{"start":{"line":11,"column":50},"end":{"line":19,"column":13}}}},"branchMap":{},"s":{"0":11,"1":11,"2":11,"3":11,"4":11,"5":11,"6":11,"7":11,"8":11,"9":11,"10":11,"11":11},"f":{"0":11},"b":{}}
,"/Users/lopez/Projects/Trabajos Practicos/Tec_avz_prog/tp-banners/src/common/prisma/prisma.service.ts": {"path":"/Users/lopez/Projects/Trabajos Practicos/Tec_avz_prog/tp-banners/src/common/prisma/prisma.service.ts","statementMap":{"0":{"start":{"line":1,"column":0},"end":{"line":1,"column":75}},"1":{"start":{"line":2,"column":0},"end":{"line":2,"column":46}},"2":{"start":{"line":5,"column":7},"end":{"line":13,"column":null}},"3":{"start":{"line":7,"column":8},"end":{"line":7,"column":30}},"4":{"start":{"line":11,"column":8},"end":{"line":11,"column":33}},"5":{"start":{"line":5,"column":13},"end":{"line":5,"column":26}},"6":{"start":{"line":5,"column":13},"end":{"line":13,"column":null}}},"fnMap":{"0":{"name":"(anonymous_1)","decl":{"start":{"line":6,"column":4},"end":{"line":6,"column":9}},"loc":{"start":{"line":6,"column":22},"end":{"line":8,"column":5}}},"1":{"name":"(anonymous_2)","decl":{"start":{"line":10,"column":4},"end":{"line":10,"column":9}},"loc":{"start":{"line":10,"column":25},"end":{"line":12,"column":5}}}},"branchMap":{},"s":{"0":11,"1":11,"2":11,"3":11,"4":11,"5":11,"6":11},"f":{"0":11,"1":11},"b":{}}
,"/Users/lopez/Projects/Trabajos Practicos/Tec_avz_prog/tp-banners/src/common/utils/hadle-request/handle-request-mailer.ts": {"path":"/Users/lopez/Projects/Trabajos Practicos/Tec_avz_prog/tp-banners/src/common/utils/hadle-request/handle-request-mailer.ts","statementMap":{"0":{"start":{"line":3,"column":0},"end":{"line":3,"column":16}},"1":{"start":{"line":1,"column":0},"end":{"line":1,"column":70}},"2":{"start":{"line":4,"column":4},"end":{"line":7,"column":5}},"3":{"start":{"line":5,"column":8},"end":{"line":5,"column":73}},"4":{"start":{"line":6,"column":8},"end":{"line":6,"column":81}},"5":{"start":{"line":9,"column":4},"end":{"line":12,"column":5}},"6":{"start":{"line":10,"column":8},"end":{"line":10,"column":63}},"7":{"start":{"line":11,"column":8},"end":{"line":11,"column":84}},"8":{"start":{"line":14,"column":4},"end":{"line":17,"column":5}},"9":{"start":{"line":15,"column":8},"end":{"line":15,"column":81}},"10":{"start":{"line":16,"column":8},"end":{"line":16,"column":80}},"11":{"start":{"line":19,"column":4},"end":{"line":19,"column":97}},"12":{"start":{"line":20,"column":4},"end":{"line":20,"column":52}}},"fnMap":{"0":{"name":"handleMailerErrors","decl":{"start":{"line":3,"column":16},"end":{"line":3,"column":34}},"loc":{"start":{"line":3,"column":79},"end":{"line":21,"column":1}}}},"branchMap":{"0":{"loc":{"start":{"line":4,"column":4},"end":{"line":7,"column":5}},"type":"if","locations":[{"start":{"line":4,"column":4},"end":{"line":7,"column":5}}]},"1":{"loc":{"start":{"line":9,"column":4},"end":{"line":12,"column":5}},"type":"if","locations":[{"start":{"line":9,"column":4},"end":{"line":12,"column":5}}]},"2":{"loc":{"start":{"line":14,"column":4},"end":{"line":17,"column":5}},"type":"if","locations":[{"start":{"line":14,"column":4},"end":{"line":17,"column":5}}]},"3":{"loc":{"start":{"line":19,"column":67},"end":{"line":19,"column":95}},"type":"binary-expr","locations":[{"start":{"line":19,"column":67},"end":{"line":19,"column":78}},{"start":{"line":19,"column":82},"end":{"line":19,"column":95}}]}},"s":{"0":11,"1":11,"2":0,"3":0,"4":0,"5":0,"6":0,"7":0,"8":0,"9":0,"10":0,"11":0,"12":0},"f":{"0":0},"b":{"0":[0],"1":[0],"2":[0],"3":[0,0]}}
,"/Users/lopez/Projects/Trabajos Practicos/Tec_avz_prog/tp-banners/src/common/utils/hadle-request/handle-request-notification.ts": {"path":"/Users/lopez/Projects/Trabajos Practicos/Tec_avz_prog/tp-banners/src/common/utils/hadle-request/handle-request-notification.ts","statementMap":{"0":{"start":{"line":3,"column":0},"end":{"line":3,"column":7}},"1":{"start":{"line":1,"column":0},"end":{"line":1,"column":70}},"2":{"start":{"line":8,"column":4},"end":{"line":13,"column":5}},"3":{"start":{"line":9,"column":8},"end":{"line":9,"column":32}},"4":{"start":{"line":11,"column":8},"end":{"line":11,"column":72}},"5":{"start":{"line":12,"column":8},"end":{"line":12,"column":61}}},"fnMap":{"0":{"name":"handleNotificationErrors","decl":{"start":{"line":3,"column":22},"end":{"line":3,"column":46}},"loc":{"start":{"line":6,"column":19},"end":{"line":14,"column":1}}}},"branchMap":{},"s":{"0":11,"1":11,"2":0,"3":0,"4":0,"5":0},"f":{"0":0},"b":{}}
,"/Users/lopez/Projects/Trabajos Practicos/Tec_avz_prog/tp-banners/src/common/utils/hadle-request/handle-request.base.ts": {"path":"/Users/lopez/Projects/Trabajos Practicos/Tec_avz_prog/tp-banners/src/common/utils/hadle-request/handle-request.base.ts","statementMap":{"0":{"start":{"line":3,"column":0},"end":{"line":3,"column":7}},"1":{"start":{"line":9,"column":4},"end":{"line":17,"column":5}},"2":{"start":{"line":10,"column":8},"end":{"line":10,"column":32}},"3":{"start":{"line":12,"column":8},"end":{"line":16,"column":9}},"4":{"start":{"line":13,"column":12},"end":{"line":13,"column":67}},"5":{"start":{"line":15,"column":12},"end":{"line":15,"column":31}}},"fnMap":{"0":{"name":"handleBase","decl":{"start":{"line":3,"column":22},"end":{"line":3,"column":32}},"loc":{"start":{"line":7,"column":19},"end":{"line":18,"column":1}}}},"branchMap":{},"s":{"0":11,"1":102,"2":102,"3":20,"4":20,"5":20},"f":{"0":102},"b":{}}
,"/Users/lopez/Projects/Trabajos Practicos/Tec_avz_prog/tp-banners/src/common/utils/hadle-request/handle-request.cloudinary.ts": {"path":"/Users/lopez/Projects/Trabajos Practicos/Tec_avz_prog/tp-banners/src/common/utils/hadle-request/handle-request.cloudinary.ts","statementMap":{"0":{"start":{"line":3,"column":0},"end":{"line":3,"column":16}},"1":{"start":{"line":1,"column":0},"end":{"line":1,"column":70}},"2":{"start":{"line":4,"column":4},"end":{"line":7,"column":5}},"3":{"start":{"line":5,"column":8},"end":{"line":5,"column":70}},"4":{"start":{"line":6,"column":8},"end":{"line":6,"column":85}},"5":{"start":{"line":9,"column":4},"end":{"line":9,"column":16}}},"fnMap":{"0":{"name":"handleCloudinaryErrors","decl":{"start":{"line":3,"column":16},"end":{"line":3,"column":38}},"loc":{"start":{"line":3,"column":88},"end":{"line":10,"column":1}}}},"branchMap":{"0":{"loc":{"start":{"line":4,"column":4},"end":{"line":7,"column":5}},"type":"if","locations":[{"start":{"line":4,"column":4},"end":{"line":7,"column":5}}]}},"s":{"0":11,"1":11,"2":1,"3":0,"4":0,"5":1},"f":{"0":1},"b":{"0":[0]}}
,"/Users/lopez/Projects/Trabajos Practicos/Tec_avz_prog/tp-banners/src/common/utils/hadle-request/handle-request.multer.ts": {"path":"/Users/lopez/Projects/Trabajos Practicos/Tec_avz_prog/tp-banners/src/common/utils/hadle-request/handle-request.multer.ts","statementMap":{"0":{"start":{"line":3,"column":0},"end":{"line":3,"column":16}},"1":{"start":{"line":1,"column":0},"end":{"line":1,"column":61}},"2":{"start":{"line":4,"column":4},"end":{"line":12,"column":5}},"3":{"start":{"line":5,"column":8},"end":{"line":8,"column":9}},"4":{"start":{"line":6,"column":12},"end":{"line":6,"column":61}},"5":{"start":{"line":7,"column":12},"end":{"line":7,"column":70}},"6":{"start":{"line":10,"column":8},"end":{"line":10,"column":55}},"7":{"start":{"line":11,"column":8},"end":{"line":11,"column":63}},"8":{"start":{"line":14,"column":4},"end":{"line":14,"column":16}}},"fnMap":{"0":{"name":"handleMulterErrors","decl":{"start":{"line":3,"column":16},"end":{"line":3,"column":34}},"loc":{"start":{"line":3,"column":84},"end":{"line":15,"column":1}}}},"branchMap":{"0":{"loc":{"start":{"line":4,"column":4},"end":{"line":12,"column":5}},"type":"if","locations":[{"start":{"line":4,"column":4},"end":{"line":12,"column":5}}]},"1":{"loc":{"start":{"line":5,"column":8},"end":{"line":8,"column":9}},"type":"if","locations":[{"start":{"line":5,"column":8},"end":{"line":8,"column":9}}]}},"s":{"0":11,"1":11,"2":1,"3":0,"4":0,"5":0,"6":0,"7":0,"8":1},"f":{"0":1},"b":{"0":[0],"1":[0]}}
[...]
{"line":208,"column":8},"end":{"line":210,"column":9}},"81":{"start":{"line":209,"column":10},"end":{"line":209,"column":100}},"82":{"start":{"line":211,"column":25},"end":{"line":211,"column":37}},"83":{"start":{"line":212,"column":28},"end":{"line":212,"column":46}},"84":{"start":{"line":213,"column":8},"end":{"line":215,"column":9}},"85":{"start":{"line":214,"column":10},"end":{"line":214,"column":80}},"86":{"start":{"line":216,"column":8},"end":{"line":218,"column":9}},"87":{"start":{"line":217,"column":10},"end":{"line":217,"column":80}},"88":{"start":{"line":219,"column":27},"end":{"line":222,"column":10}},"89":{"start":{"line":225,"column":8},"end":{"line":227,"column":9}},"90":{"start":{"line":225,"column":40},"end":{"line":225,"column":70}},"91":{"start":{"line":226,"column":10},"end":{"line":226,"column":70}},"92":{"start":{"line":228,"column":24},"end":{"line":231,"column":10}},"93":{"start":{"line":233,"column":45},"end":{"line":233,"column":52}},"94":{"start":{"line":234,"column":8},"end":{"line":234,"column":27}},"95":{"start":{"line":14,"column":13},"end":{"line":14,"column":25}},"96":{"start":{"line":14,"column":13},"end":{"line":240,"column":null}}},"fnMap":{"0":{"name":"(anonymous_2)","decl":{"start":{"line":17,"column":2},"end":{"line":17,"column":31}},"loc":{"start":{"line":17,"column":52},"end":{"line":17,"column":57}}},"1":{"name":"(anonymous_3)","decl":{"start":{"line":19,"column":2},"end":{"line":19,"column":8}},"loc":{"start":{"line":19,"column":67},"end":{"line":70,"column":3}}},"2":{"name":"(anonymous_4)","decl":{"start":{"line":21,"column":6},"end":{"line":21,"column":11}},"loc":{"start":{"line":21,"column":17},"end":{"line":66,"column":7}}},"3":{"name":"(anonymous_5)","decl":{"start":{"line":23,"column":10},"end":{"line":23,"column":11}},"loc":{"start":{"line":23,"column":17},"end":{"line":23,"column":47}}},"4":{"name":"(anonymous_6)","decl":{"start":{"line":51,"column":32},"end":{"line":51,"column":33}},"loc":{"start":{"line":51,"column":47},"end":{"line":53,"column":16}}},"5":{"name":"(anonymous_7)","decl":{"start":{"line":72,"column":2},"end":{"line":72,"column":9}},"loc":{"start":{"line":72,"column":38},"end":{"line":91,"column":3}}},"6":{"name":"(anonymous_8)","decl":{"start":{"line":75,"column":6},"end":{"line":75,"column":9}},"loc":{"start":{"line":75,"column":12},"end":{"line":86,"column":8}}},"7":{"name":"(anonymous_9)","decl":{"start":{"line":93,"column":2},"end":{"line":93,"column":9}},"loc":{"start":{"line":93,"column":23},"end":{"line":114,"column":3}}},"8":{"name":"(anonymous_10)","decl":{"start":{"line":94,"column":25},"end":{"line":94,"column":30}},"loc":{"start":{"line":94,"column":36},"end":{"line":111,"column":5}}},"9":{"name":"(anonymous_11)","decl":{"start":{"line":116,"column":2},"end":{"line":116,"column":7}},"loc":{"start":{"line":119,"column":17},"end":{"line":188,"column":3}}},"10":{"name":"(anonymous_12)","decl":{"start":{"line":122,"column":6},"end":{"line":122,"column":11}},"loc":{"start":{"line":122,"column":17},"end":{"line":184,"column":7}}},"11":{"name":"(anonymous_13)","decl":{"start":{"line":123,"column":40},"end":{"line":123,"column":41}},"loc":{"start":{"line":123,"column":45},"end":{"line":123,"column":75}}},"12":{"name":"(anonymous_14)","decl":{"start":{"line":165,"column":33},"end":{"line":165,"column":34}},"loc":{"start":{"line":165,"column":38},"end":{"line":165,"column":68}}},"13":{"name":"(anonymous_15)","decl":{"start":{"line":174,"column":33},"end":{"line":174,"column":37}},"loc":{"start":{"line":174,"column":42},"end":{"line":174,"column":73}}},"14":{"name":"(anonymous_16)","decl":{"start":{"line":190,"column":2},"end":{"line":190,"column":7}},"loc":{"start":{"line":192,"column":17},"end":{"line":239,"column":3}}},"15":{"name":"(anonymous_17)","decl":{"start":{"line":195,"column":6},"end":{"line":195,"column":11}},"loc":{"start":{"line":195,"column":17},"end":{"line":235,"column":7}}},"16":{"name":"(anonymous_18)","decl":{"start":{"line":196,"column":40},"end":{"line":196,"column":41}},"loc":{"start":{"line":196,"column":45},"end":{"line":196,"column":75}}},"17":{"name":"(anonymous_19)","decl":{"start":{"line":225,"column":35},"end":{"line":225,"column":36}},"loc":{"start":{"line":225,"column":40},"end":{"line":225,"column":70}}}},"branchMap":{"0":{"loc":{"start":{"line":25,"column":8},"end":{"line":29,"column":9}},"type":"if","locations":[{"start":{"line":25,"column":8},"end":{"line":29,"column":9}}]},"1":{"loc":{"start":{"line":32,"column":10},"end":{"line":34,"column":22}},"type":"cond-expr","locations":[{"start":{"line":33,"column":14},"end":{"line":33,"column":33}},{"start":{"line":34,"column":14},"end":{"line":34,"column":22}}]},"2":{"loc":{"start":{"line":32,"column":10},"end":{"line":32,"column":63}},"type":"binary-expr","locations":[{"start":{"line":32,"column":10},"end":{"line":32,"column":29}},{"start":{"line":32,"column":33},"end":{"line":32,"column":63}}]},"3":{"loc":{"start":{"line":42,"column":10},"end":{"line":43,"column":43}},"type":"binary-expr","locations":[{"start":{"line":42,"column":10},"end":{"line":42,"column":28}},{"start":{"line":43,"column":10},"end":{"line":43,"column":43}}]},"4":{"loc":{"start":{"line":73,"column":12},"end":{"line":73,"column":22}},"type":"default-arg","locations":[{"start":{"line":73,"column":20},"end":{"line":73,"column":22}}]},"5":{"loc":{"start":{"line":73,"column":24},"end":{"line":73,"column":34}},"type":"default-arg","locations":[{"start":{"line":73,"column":33},"end":{"line":73,"column":34}}]},"6":{"loc":{"start":{"line":95,"column":6},"end":{"line":98,"column":7}},"type":"if","locations":[{"start":{"line":95,"column":6},"end":{"line":98,"column":7}}]},"7":{"loc":{"start":{"line":103,"column":15},"end":{"line":103,"column":52}},"type":"cond-expr","locations":[{"start":{"line":103,"column":22},"end":{"line":103,"column":34}},{"start":{"line":103,"column":37},"end":{"line":103,"column":52}}]},"8":{"loc":{"start":{"line":105,"column":6},"end":{"line":108,"column":7}},"type":"if","locations":[{"start":{"line":105,"column":6},"end":{"line":108,"column":7}}]},"9":{"loc":{"start":{"line":127,"column":8},"end":{"line":144,"column":9}},"type":"if","locations":[{"start":{"line":127,"column":8},"end":{"line":144,"column":9}}]},"10":{"loc":{"start":{"line":128,"column":10},"end":{"line":130,"column":11}},"type":"if","locations":[{"start":{"line":128,"column":10},"end":{"line":130,"column":11}}]},"11":{"loc":{"start":{"line":132,"column":10},"end":{"line":134,"column":11}},"type":"if","locations":[{"start":{"line":132,"column":10},"end":{"line":134,"column":11}}]},"12":{"loc":{"start":{"line":136,"column":10},"end":{"line":136,"column":79}},"type":"if","locations":[{"start":{"line":136,"column":10},"end":{"line":136,"column":79}}]},"13":{"loc":{"start":{"line":147,"column":8},"end":{"line":149,"column":9}},"type":"if","locations":[{"start":{"line":147,"column":8},"end":{"line":149,"column":9}}]},"14":{"loc":{"start":{"line":152,"column":8},"end":{"line":154,"column":9}},"type":"if","locations":[{"start":{"line":152,"column":8},"end":{"line":154,"column":9}}]},"15":{"loc":{"start":{"line":152,"column":12},"end":{"line":152,"column":37}},"type":"binary-expr","locations":[{"start":{"line":152,"column":12},"end":{"line":152,"column":21}},{"start":{"line":152,"column":25},"end":{"line":152,"column":37}}]},"16":{"loc":{"start":{"line":156,"column":8},"end":{"line":158,"column":9}},"type":"if","locations":[{"start":{"line":156,"column":8},"end":{"line":158,"column":9}}]},"17":{"loc":{"start":{"line":156,"column":12},"end":{"line":156,"column":51}},"type":"binary-expr","locations":[{"start":{"line":156,"column":12},"end":{"line":156,"column":28}},{"start":{"line":156,"column":32},"end":{"line":156,"column":51}}]},"18":{"loc":{"start":{"line":160,"column":8},"end":{"line":168,"column":9}},"type":"if","locations":[{"start":{"line":160,"column":8},"end":{"line":168,"column":9}}]},"19":{"loc":{"start":{"line":162,"column":19},"end":{"line":162,"column":60}},"type":"cond-expr","locations":[{"start":{"line":162,"column":30},"end":{"line":162,"column":42}},{"start":{"line":162,"column":45},"end":{"line":162,"column":60}}]},"20":{"loc":{"start":{"line":165,"column":10},"end":{"line":167,"column":11}},"type":"if","locations":[{"start":{"line":165,"column":10},"end":{"line":167,"column":11}}]},"21":{"loc":{"start":{"line":170,"column":8},"end":{"line":170,"column":77}},"type":"if","locations":[{"start":{"line":170,"column":8},"end":{"line":170,"column":77}}]},"22":{"loc":{"start":{"line":171,"column":8},"end":{"line":176,"column":9}},"type":"if","locations":[{"start":{"line":171,"column":8},"end":{"line":176,"column":9}}]},"23":{"loc":{"start":{"line":178,"column":17},"end":{"line":178,"column":58}},"type":"cond-expr","locations":[{"start":{"line":178,"column":28},"end":{"line":178,"column":40}},{"start":{"line":178,"column":43},"end":{"line":178,"column":58}}]},"24":{"loc":{"start":{"line":199,"column":8},"end":{"line":205,"column":9}},"type":"if","locations":[{"start":{"line":199,"column":8},"end":{"line":205,"column":9}}]},"25":{"loc":{"start":{"line":200,"column":10},"end":{"line":202,"column":11}},"type":"if","locations":[{"start":{"line":200,"column":10},"end":{"line":202,"column":11}}]},"26":{"loc":{"start":{"line":208,"column":8},"end":{"line":210,"column":9}},"type":"if","locations":[{"start":{"line":208,"column":8},"end":{"line":210,"column":9}}]},"27":{"loc":{"start":{"line":213,"column":8},"end":{"line":215,"column":9}},"type":"if","locations":[{"start":{"line":213,"column":8},"end":{"line":215,"column":9}}]},"28":{"loc":{"start":{"line":213,"column":12},"end":{"line":213,"column":37}},"type":"binary-expr","locations":[{"start":{"line":213,"column":12},"end":{"line":213,"column":21}},{"start":{"line":213,"column":25},"end":{"line":213,"column":37}}]},"29":{"loc":{"start":{"line":216,"column":8},"end":{"line":218,"column":9}},"type":"if","locations":[{"start":{"line":216,"column":8},"end":{"line":218,"column":9}}]},"30":{"loc":{"start":{"line":216,"column":12},"end":{"line":216,"column":51}},"type":"binary-expr","locations":[{"start":{"line":216,"column":12},"end":{"line":216,"column":28}},{"start":{"line":216,"column":32},"end":{"line":216,"column":51}}]},"31":{"loc":{"start":{"line":220,"column":17},"end":{"line":220,"column":58}},"type":"cond-expr","locations":[{"start":{"line":220,"column":28},"end":{"line":220,"column":40}},{"start":{"line":220,"column":43},"end":{"line":220,"column":58}}]},"32":{"loc":{"start":{"line":225,"column":8},"end":{"line":227,"column":9}},"type":"if","locations":[{"start":{"line":225,"column":8},"end":{"line":227,"column":9}}]},"33":{"loc":{"start":{"line":229,"column":17},"end":{"line":229,"column":58}},"type":"cond-expr","locations":[{"start":{"line":229,"column":28},"end":{"line":229,"column":40}},{"start":{"line":229,"column":43},"end":{"line":229,"column":58}}]}},"s":{"0":11,"1":11,"2":11,"3":11,"4":11,"5":11,"6":11,"7":11,"8":11,"9":3,"10":3,"11":3,"12":3,"13":0,"14":3,"15":3,"16":3,"17":3,"18":6,"19":3,"20":3,"21":3,"22":3,"23":3,"24":3,"25":3,"26":0,"27":0,"28":3,"29":3,"30":3,"31":1,"32":1,"33":2,"34":2,"35":6,"36":6,"37":6,"38":6,"39":6,"40":2,"41":0,"42":2,"43":1,"44":1,"45":1,"46":0,"47":1,"48":1,"49":1,"50":4,"51":0,"52":4,"53":4,"54":4,"55":1,"56":3,"57":1,"58":2,"59":2,"60":2,"61":2,"62":1,"63":1,"64":1,"65":0,"66":1,"67":1,"68":2,"69":1,"70":1,"71":1,"72":15,"73":15,"74":15,"75":15,"76":1,"77":0,"78":1,"79":1,"80":14,"81":0,"82":14,"83":14,"84":14,"85":1,"86":13,"87":1,"88":12,"89":12,"90":14,"91":3,"92":9,"93":9,"94":9,"95":11,"96":11},"f":{"0":11,"1":3,"2":3,"3":3,"4":6,"5":3,"6":3,"7":3,"8":3,"9":6,"10":6,"11":6,"12":2,"13":2,"14":15,"15":15,"16":15,"17":14},"b":{"0":[0],"1":[3,0],"2":[3,3],"3":[3,3],"4":[2],"5":[2],"6":[0],"7":[1,2],"8":[1],"9":[2],"10":[0],"11":[1],"12":[0],"13":[0],"14":[1],"15":[4,1],"16":[1],"17":[3,2],"18":[2],"19":[2,0],"20":[1],"21":[0],"22":[1],"23":[1,0],"24":[1],"25":[0],"26":[0],"27":[1],"28":[14,1],"29":[1],"30":[13,12],"31":[12,0],"32":[3],"33":[9,0]}}
,"/Users/lopez/Projects/Trabajos Practicos/Tec_avz_prog/tp-banners/src/users/decorators/swagger/api-create-user.decorator.ts": {"path":"/Users/lopez/Projects/Trabajos Practicos/Tec_avz_prog/tp-banners/src/users/decorators/swagger/api-create-user.decorator.ts","statementMap":{"0":{"start":{"line":4,"column":0},"end":{"line":4,"column":16}},"1":{"start":{"line":1,"column":0},"end":{"line":1,"column":49}},"2":{"start":{"line":2,"column":0},"end":{"line":2,"column":61}},"3":{"start":{"line":5,"column":4},"end":{"line":12,"column":6}}},"fnMap":{"0":{"name":"ApiCreateUser","decl":{"start":{"line":4,"column":16},"end":{"line":4,"column":29}},"loc":{"start":{"line":4,"column":29},"end":{"line":13,"column":1}}}},"branchMap":{},"s":{"0":11,"1":11,"2":11,"3":11},"f":{"0":11},"b":{}}
,"/Users/lopez/Projects/Trabajos Practicos/Tec_avz_prog/tp-banners/src/users/decorators/swagger/api-delete-user.decorator.ts": {"path":"/Users/lopez/Projects/Trabajos Practicos/Tec_avz_prog/tp-banners/src/users/decorators/swagger/api-delete-user.decorator.ts","statementMap":{"0":{"start":{"line":4,"column":0},"end":{"line":4,"column":16}},"1":{"start":{"line":1,"column":0},"end":{"line":1,"column":49}},"2":{"start":{"line":2,"column":0},"end":{"line":2,"column":61}},"3":{"start":{"line":5,"column":4},"end":{"line":12,"column":6}}},"fnMap":{"0":{"name":"ApiDeleteUser","decl":{"start":{"line":4,"column":16},"end":{"line":4,"column":29}},"loc":{"start":{"line":4,"column":29},"end":{"line":13,"column":1}}}},"branchMap":{},"s":{"0":11,"1":11,"2":11,"3":22},"f":{"0":22},"b":{}}
,"/Users/lopez/Projects/Trabajos Practicos/Tec_avz_prog/tp-banners/src/users/decorators/swagger/api-get-user-by-term.decorator.ts": {"path":"/Users/lopez/Projects/Trabajos Practicos/Tec_avz_prog/tp-banners/src/users/decorators/swagger/api-get-user-by-term.decorator.ts","statementMap":{"0":{"start":{"line":4,"column":0},"end":{"line":4,"column":16}},"1":{"start":{"line":1,"column":0},"end":{"line":1,"column":49}},"2":{"start":{"line":2,"column":0},"end":{"line":2,"column":61}},"3":{"start":{"line":5,"column":4},"end":{"line":12,"column":6}}},"fnMap":{"0":{"name":"ApiGetUserByTerm","decl":{"start":{"line":4,"column":16},"end":{"line":4,"column":32}},"loc":{"start":{"line":4,"column":32},"end":{"line":13,"column":1}}}},"branchMap":{},"s":{"0":11,"1":11,"2":11,"3":11},"f":{"0":11},"b":{}}
,"/Users/lopez/Projects/Trabajos Practicos/Tec_avz_prog/tp-banners/src/users/decorators/swagger/api-get-user.decorator.ts": {"path":"/Users/lopez/Projects/Trabajos Practicos/Tec_avz_prog/tp-banners/src/users/decorators/swagger/api-get-user.decorator.ts","statementMap":{"0":{"start":{"line":4,"column":0},"end":{"line":4,"column":16}},"1":{"start":{"line":1,"column":0},"end":{"line":1,"column":49}},"2":{"start":{"line":2,"column":0},"end":{"line":2,"column":61}},"3":{"start":{"line":5,"column":4},"end":{"line":12,"column":6}}},"fnMap":{"0":{"name":"ApiGetUser","decl":{"start":{"line":4,"column":16},"end":{"line":4,"column":26}},"loc":{"start":{"line":4,"column":26},"end":{"line":13,"column":1}}}},"branchMap":{},"s":{"0":11,"1":11,"2":11,"3":11},"f":{"0":11},"b":{}}
,"/Users/lopez/Projects/Trabajos Practicos/Tec_avz_prog/tp-banners/src/users/decorators/swagger/api-update-user.controler.ts": {"path":"/Users/lopez/Projects/Trabajos Practicos/Tec_avz_prog/tp-banners/src/users/decorators/swagger/api-update-user.controler.ts","statementMap":{"0":{"start":{"line":4,"column":0},"end":{"line":4,"column":16}},"1":{"start":{"line":1,"column":0},"end":{"line":1,"column":49}},"2":{"start":{"line":2,"column":0},"end":{"line":2,"column":61}},"3":{"start":{"line":5,"column":4},"end":{"line":12,"column":6}}},"fnMap":{"0":{"name":"ApiUpdateUser","decl":{"start":{"line":4,"column":16},"end":{"line":4,"column":29}},"loc":{"start":{"line":4,"column":29},"end":{"line":13,"column":1}}}},"branchMap":{},"s":{"0":11,"1":11,"2":11,"3":22},"f":{"0":22},"b":{}}
,"/Users/lopez/Projects/Trabajos Practicos/Tec_avz_prog/tp-banners/src/users/decorators/swagger/index.ts": {"path":"/Users/lopez/Projects/Trabajos Practicos/Tec_avz_prog/tp-banners/src/users/decorators/swagger/index.ts","statementMap":{"0":{"start":{"line":1,"column":0},"end":{"line":1,"column":60}},"1":{"start":{"line":2,"column":0},"end":{"line":2,"column":54}},"2":{"start":{"line":3,"column":0},"end":{"line":3,"column":68}},"3":{"start":{"line":4,"column":0},"end":{"line":4,"column":60}},"4":{"start":{"line":5,"column":0},"end":{"line":5,"column":60}},"5":{"start":{"line":7,"column":0},"end":{"line":13,"column":2}}},"fnMap":{},"branchMap":{},"s":{"0":11,"1":11,"2":11,"3":11,"4":11,"5":11},"f":{},"b":{}}
,"/Users/lopez/Projects/Trabajos Practicos/Tec_avz_prog/tp-banners/src/users/dto/create-user.dto.ts": {"path":"/Users/lopez/Projects/Trabajos Practicos/Tec_avz_prog/tp-banners/src/users/dto/create-user.dto.ts","statementMap":{"0":{"start":{"line":1,"column":0},"end":{"line":1,"column":46}},"1":{"start":{"line":2,"column":0},"end":{"line":2,"column":127}},"2":{"start":{"line":3,"column":0},"end":{"line":3,"column":46}},"3":{"start":{"line":5,"column":0},"end":{"line":5,"column":13}},"4":{"start":{"line":18,"column":4},"end":{"line":18,"column":null}},"5":{"start":{"line":16,"column":8},"end":{"line":16,"column":67}},"6":{"start":{"line":33,"column":4},"end":{"line":33,"column":null}},"7":{"start":{"line":31,"column":8},"end":{"line":31,"column":67}},"8":{"start":{"line":44,"column":4},"end":{"line":44,"column":null}},"9":{"start":{"line":55,"column":4},"end":{"line":55,"column":null}}},"fnMap":{"0":{"name":"(anonymous_2)","decl":{"start":{"line":15,"column":15},"end":{"line":15,"column":16}},"loc":{"start":{"line":16,"column":8},"end":{"line":16,"column":67}}},"1":{"name":"(anonymous_3)","decl":{"start":{"line":30,"column":15},"end":{"line":30,"column":16}},"loc":{"start":{"line":31,"column":8},"end":{"line":31,"column":67}}}},"branchMap":{},"s":{"0":11,"1":11,"2":11,"3":11,"4":11,"5":3,"6":11,"7":4,"8":11,"9":11},"f":{"0":3,"1":4},"b":{}}
,"/Users/lopez/Projects/Trabajos Practicos/Tec_avz_prog/tp-banners/src/users/dto/update-user.dto.ts": {"path":"/Users/lopez/Projects/Trabajos Practicos/Tec_avz_prog/tp-banners/src/users/dto/update-user.dto.ts","statementMap":{"0":{"start":{"line":1,"column":0},"end":{"line":1,"column":67}},"1":{"start":{"line":2,"column":0},"end":{"line":2,"column":50}},"2":{"start":{"line":3,"column":0},"end":{"line":3,"column":75}},"3":{"start":{"line":9,"column":7},"end":{"line":16,"column":null}},"4":{"start":{"line":9,"column":13},"end":{"line":9,"column":26}},"5":{"start":{"line":15,"column":4},"end":{"line":15,"column":null}},"6":{"start":{"line":9,"column":13},"end":{"line":16,"column":null}}},"fnMap":{},"branchMap":{},"s":{"0":11,"1":11,"2":11,"3":11,"4":11,"5":11,"6":11},"f":{},"b":{}}
,"/Users/lopez/Projects/Trabajos Practicos/Tec_avz_prog/tp-banners/src/users/dto/user-identifier.dto.ts": {"path":"/Users/lopez/Projects/Trabajos Practicos/Tec_avz_prog/tp-banners/src/users/dto/user-identifier.dto.ts","statementMap":{"0":{"start":{"line":1,"column":0},"end":{"line":1,"column":46}},"1":{"start":{"line":2,"column":0},"end":{"line":2,"column":55}},"2":{"start":{"line":3,"column":0},"end":{"line":3,"column":46}},"3":{"start":{"line":5,"column":0},"end":{"line":5,"column":13}},"4":{"start":{"line":17,"column":4},"end":{"line":17,"column":null}},"5":{"start":{"line":11,"column":8},"end":{"line":13,"column":19}}},"fnMap":{"0":{"name":"(anonymous_2)","decl":{"start":{"line":10,"column":15},"end":{"line":10,"column":16}},"loc":{"start":{"line":11,"column":8},"end":{"line":13,"column":19}}}},"branchMap":{"0":{"loc":{"start":{"line":11,"column":8},"end":{"line":13,"column":19}},"type":"cond-expr","locations":[{"start":{"line":12,"column":14},"end":{"line":12,"column":73}},{"start":{"line":13,"column":14},"end":{"line":13,"column":19}}]}},"s":{"0":11,"1":11,"2":11,"3":11,"4":11,"5":21},"f":{"0":21},"b":{"0":[21,0]}}
}
