TN:
SF:src/app.module.ts
FNF:0
FNH:0
DA:1,11
DA:2,11
DA:3,11
DA:4,11
DA:5,11
DA:6,11
DA:7,11
DA:8,11
DA:9,11
DA:10,11
DA:11,11
DA:12,11
DA:29,11
LF:13
LH:13
BRF:0
BRH:0
end_of_record
TN:
SF:src/auth/auth.controller.ts
FN:11,(anonymous_4)
FN:15,(anonymous_5)
FN:21,(anonymous_6)
FNF:3
FNH:3
FNDA:11,(anonymous_4)
FNDA:14,(anonymous_5)
FNDA:33,(anonymous_6)
DA:1,11
DA:2,11
DA:3,11
DA:4,11
DA:5,11
DA:6,11
DA:10,11
DA:11,11
DA:15,11
DA:16,14
DA:21,11
DA:22,33
LF:12
LH:12
BRF:0
BRH:0
end_of_record
TN:
SF:src/auth/auth.module.ts
FN:20,(anonymous_1)
FNF:1
FNH:1
FNDA:11,(anonymous_1)
DA:1,11
DA:2,11
DA:3,11
DA:4,11
DA:5,11
DA:6,11
DA:7,11
DA:8,11
DA:20,11
DA:28,11
LF:10
LH:10
BRF:0
BRH:0
end_of_record
TN:
SF:src/auth/auth.service.ts
FN:15,(anonymous_2)
FN:21,(anonymous_3)
FN:22,(anonymous_4)
FN:36,(anonymous_5)
FN:52,(anonymous_6)
FN:53,(anonymous_7)
FN:88,(anonymous_8)
FNF:7
FNH:7
FNDA:11,(anonymous_2)
FNDA:14,(anonymous_3)
FNDA:14,(anonymous_4)
FNDA:14,(anonymous_5)
FNDA:33,(anonymous_6)
FNDA:33,(anonymous_7)
FNDA:43,(anonymous_8)
DA:1,11
DA:2,11
DA:3,11
DA:4,11
DA:5,11
DA:11,11
DA:13,11
DA:16,11
DA:17,11
DA:22,14
DA:24,14
DA:26,14
DA:28,14
DA:30,14
DA:36,14
DA:45,13
DA:47,13
DA:53,33
DA:54,33
DA:55,33
DA:71,33
DA:72,1
DA:75,32
DA:77,32
DA:78,2
DA:81,30
DA:83,30
DA:89,43
DA:90,43
LF:29
LH:29
BRDA:28,0,0,14
BRDA:28,0,1,0
BRDA:71,1,0,1
BRDA:77,2,0,2
BRF:4
BRH:3
end_of_record
TN:
SF:src/auth/decorators/auth.decorator.ts
FN:7,Auth
FNF:1
FNH:1
FNDA:121,Auth
DA:1,11
DA:2,11
DA:3,11
DA:4,11
DA:7,11
DA:8,121
LF:6
LH:6
BRF:0
BRH:0
end_of_record
TN:
SF:src/auth/decorators/get-user.decorator.ts
FN:4,(anonymous_0)
FNF:1
FNH:1
FNDA:34,(anonymous_0)
DA:1,11
DA:4,11
DA:5,34
DA:7,34
DA:8,0
DA:11,34
DA:14,11
LF:7
LH:6
BRDA:7,0,0,0
BRF:1
BRH:0
end_of_record
TN:
SF:src/auth/decorators/role-protected.decorator.ts
FN:6,(anonymous_0)
FNF:1
FNH:1
FNDA:121,(anonymous_0)
DA:1,11
DA:4,11
DA:6,11
DA:7,121
LF:4
LH:4
BRF:0
BRH:0
end_of_record
TN:
SF:src/auth/decorators/swagger/api-login-auth.decorator.ts
FN:4,ApiLoginAuth
FNF:1
FNH:1
FNDA:11,ApiLoginAuth
DA:1,11
DA:2,11
DA:4,11
DA:5,11
LF:4
LH:4
BRF:0
BRH:0
end_of_record
TN:
SF:src/auth/decorators/swagger/api-register-auth.decorator.ts
FN:4,ApiRegisterAuth
FNF:1
FNH:1
FNDA:11,ApiRegisterAuth
DA:1,11
DA:2,11
DA:4,11
DA:5,11
LF:4
LH:4
BRF:0
BRH:0
end_of_record
TN:
SF:src/auth/decorators/swagger/index.ts
FNF:0
FNH:0
DA:1,11
DA:2,11
DA:4,11
LF:3
LH:3
BRF:0
BRH:0
end_of_record
TN:
SF:src/auth/dto/login-user.dto.ts
FN:11,(anonymous_2)
FNF:1
FNH:1
FNDA:38,(anonymous_2)
DA:1,11
DA:2,11
DA:3,11
DA:5,11
DA:12,38
DA:20,11
DA:28,11
LF:7
LH:7
BRDA:12,0,0,38
BRDA:12,0,1,0
BRF:2
BRH:1
end_of_record
TN:
SF:src/auth/dto/register-user.dto.ts
FN:11,(anonymous_2)
FN:26,(anonymous_3)
FNF:2
FNH:2
FNDA:16,(anonymous_2)
FNDA:16,(anonymous_3)
DA:1,11
DA:2,11
DA:3,11
DA:5,11
DA:12,16
DA:19,11
DA:27,16
DA:36,11
DA:46,11
LF:9
LH:9
BRDA:12,0,0,16
BRDA:12,0,1,0
BRDA:27,1,0,16
BRDA:27,1,1,0
BRF:4
BRH:2
end_of_record
TN:
SF:src/auth/guards/user-role/user-role.guard.ts
FN:9,(anonymous_2)
FN:11,(anonymous_3)
FN:20,(anonymous_4)
FNF:3
FNH:3
FNDA:22,(anonymous_2)
FNDA:56,(anonymous_3)
FNDA:72,(anonymous_4)
DA:1,11
DA:3,11
DA:5,11
DA:8,11
DA:9,22
DA:15,56
DA:16,56
DA:18,56
DA:19,56
DA:20,72
DA:21,48
DA:25,8
LF:12
LH:12
BRDA:18,0,0,0
BRDA:20,1,0,48
BRF:2
BRH:1
end_of_record
TN:
SF:src/auth/interfaces/valid-roles.interface.ts
FN:1,(anonymous_0)
FNF:1
FNH:1
FNDA:11,(anonymous_0)
DA:1,11
DA:2,11
DA:3,11
DA:4,11
LF:4
LH:4
BRDA:1,0,0,11
BRDA:1,0,1,11
BRF:2
BRH:2
end_of_record
TN:
SF:src/auth/strategies/jwt.strategies.ts
FN:11,(anonymous_2)
FN:22,(anonymous_3)
FNF:2
FNH:2
FNDA:11,(anonymous_2)
FNDA:56,(anonymous_3)
DA:1,11
DA:2,11
DA:3,11
DA:4,11
DA:5,11
DA:10,11
DA:12,11
DA:15,11
DA:23,56
DA:25,56
DA:39,56
DA:40,0
DA:43,56
LF:13
LH:12
BRDA:16,0,0,11
BRDA:16,0,1,0
BRDA:39,1,0,0
BRF:3
BRH:1
end_of_record
TN:
SF:src/banners/banners.controller.ts
FN:19,(anonymous_4)
FN:27,(anonymous_5)
FN:33,(anonymous_6)
FN:39,(anonymous_7)
FN:46,(anonymous_8)
FN:54,(anonymous_9)
FN:61,(anonymous_10)
FNF:7
FNH:6
FNDA:11,(anonymous_4)
FNDA:3,(anonymous_5)
FNDA:10,(anonymous_6)
FNDA:2,(anonymous_7)
FNDA:6,(anonymous_8)
FNDA:4,(anonymous_9)
FNDA:0,(anonymous_10)
DA:1,11
DA:2,11
DA:4,11
DA:5,11
DA:6,11
DA:7,11
DA:8,11
DA:9,11
DA:10,11
DA:11,11
DA:13,11
DA:14,11
DA:18,11
DA:20,11
DA:27,11
DA:28,3
DA:33,11
DA:34,10
DA:39,11
DA:40,2
DA:46,11
DA:47,6
DA:54,11
DA:55,4
DA:61,11
DA:62,0
LF:26
LH:25
BRF:0
BRH:0
end_of_record
TN:
SF:src/banners/banners.module.ts
FNF:0
FNH:0
DA:1,11
DA:2,11
DA:3,11
DA:4,11
DA:5,11
DA:6,11
DA:7,11
DA:8,11
DA:16,11
LF:9
LH:9
BRF:0
BRH:0
end_of_record
TN:
SF:src/banners/banners.service.ts
FN:16,(anonymous_2)
FN:22,(anonymous_3)
FN:27,(anonymous_4)
FN:46,(anonymous_5)
FN:47,(anonymous_6)
FN:60,(anonymous_7)
FN:61,(anonymous_8)
FN:79,(anonymous_9)
FN:80,(anonymous_10)
FN:90,(anonymous_11)
FN:96,(anonymous_12)
FN:129,(anonymous_13)
FN:130,(anonymous_14)
FN:138,(anonymous_15)
FNF:14
FNH:11
FNDA:11,(anonymous_2)
FNDA:3,(anonymous_3)
FNDA:3,(anonymous_4)
FNDA:10,(anonymous_5)
FNDA:10,(anonymous_6)
FNDA:2,(anonymous_7)
FNDA:2,(anonymous_8)
FNDA:6,(anonymous_9)
FNDA:6,(anonymous_10)
FNDA:4,(anonymous_11)
FNDA:4,(anonymous_12)
FNDA:0,(anonymous_13)
FNDA:0,(anonymous_14)
FNDA:0,(anonymous_15)
DA:1,11
DA:4,11
DA:5,11
DA:6,11
DA:7,11
DA:9,11
DA:13,11
DA:14,11
DA:17,11
DA:18,11
DA:19,11
DA:27,3
DA:28,3
DA:29,1
DA:32,2
DA:34,2
DA:35,2
DA:36,1
DA:38,1
DA:39,1
DA:41,1
DA:47,10
DA:48,10
DA:49,10
DA:61,2
DA:62,2
DA:63,2
DA:80,6
DA:81,6
DA:82,6
DA:83,2
DA:84,2
DA:86,4
DA:96,4
DA:98,4
DA:99,0
DA:106,4
DA:107,2
DA:108,2
DA:109,2
DA:112,4
DA:113,4
DA:114,2
DA:120,2
DA:121,1
DA:123,2
DA:130,0
DA:131,0
DA:134,0
DA:135,0
DA:138,0
DA:139,0
DA:142,0
LF:53
LH:45
BRDA:28,0,0,1
BRDA:38,1,0,1
BRDA:48,2,0,8
BRDA:48,3,0,8
BRDA:82,4,0,2
BRDA:98,5,0,0
BRDA:98,6,0,4
BRDA:98,6,1,2
BRDA:106,7,0,2
BRDA:120,8,0,1
BRDA:134,9,0,0
BRDA:138,10,0,0
BRDA:138,11,0,0
BRDA:138,11,1,0
BRF:14
BRH:9
end_of_record
TN:
SF:src/banners/decorators/swagger/api-create-banner.decorator.ts
FN:9,ApiCreateBanner
FNF:1
FNH:1
FNDA:11,ApiCreateBanner
DA:1,11
DA:2,11
DA:9,11
DA:10,11
LF:4
LH:4
BRF:0
BRH:0
end_of_record
TN:
SF:src/banners/decorators/swagger/api-delete-banner.decorator.ts
FN:4,ApiDeleteBanner
FNF:1
FNH:1
FNDA:11,ApiDeleteBanner
DA:1,11
DA:2,11
DA:4,11
DA:5,11
LF:4
LH:4
BRF:0
BRH:0
end_of_record
TN:
SF:src/banners/decorators/swagger/api-get-all-active-banner.decorator.ts
FN:4,ApiGetAllActiveBanners
FNF:1
FNH:1
FNDA:11,ApiGetAllActiveBanners
DA:1,11
DA:2,11
DA:4,11
DA:5,11
LF:4
LH:4
BRF:0
BRH:0
end_of_record
TN:
SF:src/banners/decorators/swagger/api-get-all-banners.decorator.ts
FN:4,ApiGetAllBanners
FNF:1
FNH:1
FNDA:11,ApiGetAllBanners
DA:1,11
DA:2,11
DA:4,11
DA:5,11
LF:4
LH:4
BRF:0
BRH:0
end_of_record
TN:
SF:src/banners/decorators/swagger/api-get-banner-by-id.decorator.ts
FN:4,ApiGetBannerById
FNF:1
FNH:1
FNDA:11,ApiGetBannerById
DA:1,11
DA:2,11
DA:4,11
DA:5,11
LF:4
LH:4
BRF:0
BRH:0
end_of_record
TN:
SF:src/banners/decorators/swagger/api-update-banner.decorator.ts
FN:4,ApiUpdateBanner
FNF:1
FNH:1
FNDA:11,ApiUpdateBanner
DA:1,11
DA:2,11
DA:4,11
DA:5,11
LF:4
LH:4
BRF:0
BRH:0
end_of_record
TN:
SF:src/banners/decorators/swagger/index.ts
FNF:0
FNH:0
DA:1,11
DA:2,11
DA:3,11
DA:4,11
DA:5,11
DA:6,11
DA:8,11
LF:7
LH:7
BRF:0
BRH:0
end_of_record
TN:
SF:src/banners/dto/create-banner.dto.ts
FN:23,(anonymous_2)
FN:33,(anonymous_3)
FN:46,(anonymous_4)
FNF:3
FNH:2
FNDA:0,(anonymous_2)
FNDA:3,(anonymous_3)
FNDA:3,(anonymous_4)
DA:1,11
DA:2,11
DA:3,11
DA:4,11
DA:6,11
DA:16,11
DA:23,0
DA:26,11
DA:33,3
DA:36,11
DA:46,3
DA:47,11
DA:55,11
DA:65,11
DA:77,11
LF:15
LH:14
BRF:0
BRH:0
end_of_record
TN:
SF:src/banners/dto/update-banner.dto.ts
FNF:0
FNH:0
DA:1,11
DA:2,11
DA:3,11
DA:6,11
DA:8,11
LF:5
LH:5
BRF:0
BRH:0
end_of_record
TN:
SF:src/banners/utils/banner.repository.ts
FN:7,(anonymous_2)
FN:9,(anonymous_3)
FN:19,(anonymous_4)
FN:26,(anonymous_5)
FN:33,(anonymous_6)
FN:37,(anonymous_7)
FN:44,(anonymous_8)
FNF:7
FNH:1
FNDA:11,(anonymous_2)
FNDA:0,(anonymous_3)
FNDA:0,(anonymous_4)
FNDA:0,(anonymous_5)
FNDA:0,(anonymous_6)
FNDA:0,(anonymous_7)
FNDA:0,(anonymous_8)
DA:1,11
DA:2,11
DA:6,11
DA:7,11
DA:10,0
DA:11,0
DA:12,0
DA:13,0
DA:20,0
DA:27,0
DA:34,0
DA:38,0
DA:45,0
LF:13
LH:4
BRF:0
BRH:0
end_of_record
TN:
SF:src/banners/validations/banner.validator.ts
FN:14,(anonymous_2)
FN:16,(anonymous_3)
FN:58,(anonymous_4)
FN:75,(anonymous_5)
FNF:4
FNH:4
FNDA:11,(anonymous_2)
FNDA:2,(anonymous_3)
FNDA:4,(anonymous_4)
FNDA:3,(anonymous_5)
DA:1,11
DA:2,11
DA:3,11
DA:6,11
DA:8,11
DA:11,11
DA:12,11
DA:14,11
DA:17,2
DA:20,2
DA:22,2
DA:25,2
DA:28,2
DA:32,1
DA:35,1
DA:39,1
DA:41,1
DA:59,4
DA:61,4
DA:70,4
DA:71,0
DA:75,4
DA:76,1
DA:79,3
DA:80,3
DA:81,3
DA:84,2
DA:85,0
DA:89,2
DA:90,2
DA:91,0
DA:95,2
DA:96,0
DA:103,2
DA:106,2
DA:108,2
DA:109,0
DA:112,0
DA:117,2
DA:120,2
LF:40
LH:34
BRDA:20,0,0,2
BRDA:20,0,1,2
BRDA:22,1,0,2
BRDA:22,1,1,1
BRDA:47,2,0,1
BRDA:47,2,1,0
BRDA:49,3,0,0
BRDA:49,3,1,1
BRDA:70,4,0,0
BRDA:75,5,0,1
BRDA:75,6,0,4
BRDA:75,6,1,3
BRDA:79,7,0,3
BRDA:79,7,1,3
BRDA:80,8,0,3
BRDA:80,8,1,2
BRDA:80,8,2,0
BRDA:84,9,0,0
BRDA:90,10,0,0
BRDA:95,11,0,0
BRDA:95,12,0,2
BRDA:95,12,1,2
BRDA:106,13,0,2
BRDA:108,14,0,0
BRDA:121,15,0,2
BRDA:121,15,1,2
BRDA:124,16,0,2
BRDA:124,16,1,0
BRDA:125,17,0,2
BRDA:125,17,1,0
BRDA:125,18,0,0
BRDA:125,18,1,0
BRDA:126,19,0,2
BRDA:126,19,1,0
BRDA:127,20,0,2
BRDA:127,20,1,0
BRDA:127,20,2,0
BRDA:130,21,0,2
BRDA:130,21,1,0
BRDA:131,22,0,2
BRDA:131,22,1,2
BRDA:132,23,0,2
BRDA:132,23,1,1
BRF:43
BRH:27
end_of_record
TN:
SF:src/banners/validations/utils/get-position.utils.ts
FN:6,getPosition
FNF:1
FNH:1
FNDA:1,getPosition
DA:1,11
DA:4,11
DA:6,11
DA:10,1
DA:11,1
DA:12,0
DA:13,0
DA:15,1
LF:8
LH:6
BRDA:11,0,0,0
BRF:1
BRH:0
end_of_record
TN:
SF:src/banners/validations/utils/index.ts
FNF:0
FNH:0
DA:1,11
DA:2,11
DA:3,11
DA:4,11
DA:5,11
LF:5
LH:5
BRF:0
BRH:0
end_of_record
TN:
SF:src/banners/validations/utils/validate-banner-count.utils.ts
FN:6,validateBannerCount
FNF:1
FNH:1
FNDA:3,validateBannerCount
DA:1,11
DA:4,11
DA:6,11
DA:15,3
DA:21,3
DA:46,3
DA:48,3
DA:49,0
DA:52,0
LF:9
LH:7
BRDA:17,0,0,2
BRDA:17,0,1,1
BRDA:21,1,0,0
BRDA:21,1,1,3
BRDA:48,2,0,0
BRF:5
BRH:3
end_of_record
TN:
SF:src/banners/validations/utils/validate-dates.utils.ts
FN:5,validateDates
FNF:1
FNH:1
FNDA:5,validateDates
DA:1,11
DA:3,11
DA:5,11
DA:6,5
DA:7,1
DA:10,1
LF:6
LH:6
BRDA:6,0,0,1
BRDA:6,1,0,5
BRDA:6,1,1,4
BRF:3
BRH:3
end_of_record
TN:
SF:src/banners/validations/utils/validate-display-order.utils.ts
FN:6,validateDisplayOrder
FNF:1
FNH:1
FNDA:3,validateDisplayOrder
DA:1,11
DA:4,11
DA:6,11
DA:12,3
DA:14,3
DA:15,0
DA:16,0
DA:21,3
DA:22,0
DA:25,0
DA:30,3
DA:37,3
DA:38,0
DA:41,0
LF:14
LH:8
BRDA:12,0,0,0
BRDA:14,1,0,0
BRDA:21,2,0,0
BRDA:21,3,0,3
BRDA:21,3,1,3
BRDA:34,4,0,2
BRDA:34,4,1,1
BRDA:37,5,0,0
BRF:8
BRH:4
end_of_record
TN:
SF:src/banners/validations/utils/validate-renewal-logic.utils.ts
FN:6,validateRenewalLogic
FNF:1
FNH:1
FNDA:2,validateRenewalLogic
DA:1,11
DA:2,11
DA:4,11
DA:6,11
DA:12,2
DA:13,0
DA:14,0
DA:18,2
DA:19,0
DA:20,0
DA:24,2
DA:25,0
DA:26,0
DA:27,0
DA:29,0
DA:30,0
DA:31,0
DA:36,2
DA:37,2
DA:38,1
DA:39,1
LF:21
LH:11
BRDA:12,0,0,0
BRDA:18,1,0,0
BRDA:18,2,0,2
BRDA:18,2,1,1
BRDA:24,3,0,0
BRDA:25,4,0,0
BRDA:29,5,0,0
BRDA:36,6,0,2
BRDA:37,7,0,1
BRF:9
BRH:4
end_of_record
TN:
SF:src/common/common.module.ts
FNF:0
FNH:0
DA:1,11
DA:4,11
LF:2
LH:2
BRF:0
BRH:0
end_of_record
TN:
SF:src/common/dto/pagination.dto.ts
FN:14,(anonymous_2)
FN:25,(anonymous_3)
FNF:2
FNH:2
FNDA:5,(anonymous_2)
FNDA:5,(anonymous_3)
DA:1,11
DA:2,11
DA:3,11
DA:5,11
DA:14,5
DA:15,11
DA:25,5
DA:26,11
LF:8
LH:8
BRF:0
BRH:0
end_of_record
TN:
SF:src/common/prisma/prisma.module.ts
FN:11,(anonymous_1)
FNF:1
FNH:1
FNDA:11,(anonymous_1)
DA:1,11
DA:2,11
DA:3,11
DA:12,11
DA:13,11
DA:14,11
DA:15,11
DA:16,11
DA:18,11
DA:26,11
LF:10
LH:10
BRF:0
BRH:0
end_of_record
TN:
SF:src/common/prisma/prisma.service.ts
FN:6,(anonymous_1)
FN:10,(anonymous_2)
FNF:2
FNH:2
FNDA:11,(anonymous_1)
FNDA:11,(anonymous_2)
DA:1,11
DA:2,11
DA:5,11
DA:7,11
DA:11,11
LF:5
LH:5
BRF:0
BRH:0
end_of_record
TN:
SF:src/common/utils/hadle-request/handle-request-mailer.ts
FN:3,handleMailerErrors
FNF:1
FNH:0
FNDA:0,handleMailerErrors
DA:1,11
DA:3,11
DA:4,0
DA:5,0
DA:6,0
DA:9,0
DA:10,0
DA:11,0
DA:14,0
DA:15,0
DA:16,0
DA:19,0
DA:20,0
LF:13
LH:2
BRDA:4,0,0,0
BRDA:9,1,0,0
BRDA:14,2,0,0
BRDA:19,3,0,0
BRDA:19,3,1,0
BRF:5
BRH:0
end_of_record
TN:
SF:src/common/utils/hadle-request/handle-request-notification.ts
FN:3,handleNotificationErrors
FNF:1
FNH:0
FNDA:0,handleNotificationErrors
DA:1,11
DA:3,11
DA:8,0
DA:9,0
DA:11,0
DA:12,0
LF:6
LH:2
BRF:0
BRH:0
end_of_record
TN:
SF:src/common/utils/hadle-request/handle-request.base.ts
FN:3,handleBase
FNF:1
FNH:1
FNDA:102,handleBase
DA:3,11
DA:9,102
DA:10,102
DA:12,20
DA:13,20
DA:15,20
LF:6
LH:6
BRF:0
BRH:0
end_of_record
TN:
SF:src/common/utils/hadle-request/handle-request.cloudinary.ts
FN:3,handleCloudinaryErrors
FNF:1
FNH:1
FNDA:1,handleCloudinaryErrors
DA:1,11
DA:3,11
DA:4,1
DA:5,0
DA:6,0
DA:9,1
LF:6
LH:4
BRDA:4,0,0,0
BRF:1
BRH:0
end_of_record
TN:
SF:src/common/utils/hadle-request/handle-request.multer.ts
FN:3,handleMulterErrors
FNF:1
FNH:1
FNDA:1,handleMulterErrors
DA:1,11
DA:3,11
DA:4,1
DA:5,0
DA:6,0
DA:7,0
DA:10,0
DA:11,0
DA:14,1
LF:9
LH:4
BRDA:4,0,0,0
BRDA:5,1,0,0
BRF:2
BRH:0
end_of_record
TN:
SF:src/common/utils/hadle-request/handle-request.prisma.ts
FN:7,handlePrismaErrors
FNF:1
FNH:1
FNDA:1,handlePrismaErrors
DA:1,11
DA:7,11
DA:12,1
DA:13,1
DA:15,1
DA:16,1
DA:17,1
DA:18,1
DA:21,0
DA:22,0
DA:23,0
DA:24,0
DA:25,0
DA:27,0
DA:31,0
DA:32,0
DA:35,0
DA:36,0
DA:37,0
DA:38,0
DA:40,0
DA:41,0
DA:44,0
LF:23
LH:8
BRDA:15,0,0,1
BRDA:21,1,0,0
BRDA:27,2,0,0
BRDA:27,2,1,0
BRDA:35,3,0,0
BRDA:37,4,0,0
BRDA:37,4,1,0
BRDA:38,5,0,0
BRF:8
BRH:1
end_of_record
TN:
SF:src/common/utils/hadle-request/handle-request.ts
FN:17,handleRequest
FN:22,(anonymous_1)
FNF:2
FNH:2
FNDA:102,handleRequest
FNDA:20,(anonymous_1)
DA:1,11
DA:2,11
DA:3,11
DA:4,11
DA:5,11
DA:6,11
DA:7,11
DA:9,11
DA:17,11
DA:22,102
DA:23,20
DA:24,19
DA:25,19
DA:28,1
DA:29,3
DA:30,3
DA:32,3
DA:36,0
DA:37,0
LF:19
LH:17
BRDA:23,0,0,19
BRDA:32,1,0,1
BRDA:36,2,0,0
BRDA:36,2,1,0
BRF:4
BRH:2
end_of_record
TN:
SF:src/common/validators/at-least-one-field.ts
FN:11,AtLeastOneField
FN:15,(anonymous_1)
FN:23,(anonymous_2)
FN:25,(anonymous_3)
FN:38,(anonymous_4)
FNF:5
FNH:4
FNDA:22,AtLeastOneField
FNDA:22,(anonymous_1)
FNDA:13,(anonymous_2)
FNDA:35,(anonymous_3)
FNDA:0,(anonymous_4)
DA:2,11
DA:3,11
DA:9,11
DA:11,11
DA:15,22
DA:16,22
DA:24,13
DA:25,35
DA:27,13
DA:28,1
DA:35,13
DA:39,0
LF:12
LH:11
BRDA:27,0,0,1
BRF:1
BRH:1
end_of_record
TN:
SF:src/files/files.module.ts
FNF:0
FNH:0
DA:1,11
DA:2,11
DA:3,11
DA:4,11
DA:11,11
LF:5
LH:5
BRF:0
BRH:0
end_of_record
TN:
SF:src/files/files.service.ts
FN:9,(anonymous_4)
FN:11,(anonymous_5)
FN:12,(anonymous_6)
FN:15,(anonymous_7)
FN:27,(anonymous_8)
FN:28,(anonymous_9)
FN:29,(anonymous_10)
FNF:7
FNH:1
FNDA:9,(anonymous_4)
FNDA:0,(anonymous_5)
FNDA:0,(anonymous_6)
FNDA:0,(anonymous_7)
FNDA:0,(anonymous_8)
FNDA:0,(anonymous_9)
FNDA:0,(anonymous_10)
DA:1,11
DA:3,11
DA:6,11
DA:7,9
DA:9,9
DA:12,0
DA:13,0
DA:16,0
DA:17,0
DA:18,0
DA:20,0
DA:23,0
DA:28,0
DA:29,0
DA:30,0
DA:31,0
DA:32,0
DA:34,0
LF:18
LH:5
BRDA:16,0,0,0
BRDA:30,1,0,0
BRF:2
BRH:0
end_of_record
TN:
SF:src/files/helpers/fileFilter.helper.ts
FN:7,(anonymous_0)
FNF:1
FNH:1
FNDA:4,(anonymous_0)
DA:3,11
DA:5,11
DA:7,11
DA:12,4
DA:13,0
DA:16,4
DA:17,0
DA:25,4
LF:8
LH:6
BRDA:12,0,0,0
BRDA:16,1,0,0
BRF:2
BRH:0
end_of_record
TN:
SF:src/files/providers/claudinary.provider.ts
FN:6,(anonymous_0)
FNF:1
FNH:1
FNDA:11,(anonymous_0)
DA:1,11
DA:2,11
DA:4,11
DA:7,11
DA:12,11
LF:5
LH:5
BRF:0
BRH:0
end_of_record
TN:
SF:src/mail/mail.service.ts
FN:9,(anonymous_2)
FN:11,(anonymous_3)
FN:13,(anonymous_4)
FN:27,(anonymous_5)
FN:36,(anonymous_6)
FN:45,(anonymous_7)
FNF:6
FNH:1
FNDA:22,(anonymous_2)
FNDA:0,(anonymous_3)
FNDA:0,(anonymous_4)
FNDA:0,(anonymous_5)
FNDA:0,(anonymous_6)
FNDA:0,(anonymous_7)
DA:1,11
DA:2,11
DA:3,11
DA:6,11
DA:7,22
DA:9,22
DA:12,0
DA:13,0
DA:18,0
DA:19,0
DA:20,0
DA:21,0
DA:24,0
DA:28,0
DA:37,0
DA:46,0
LF:16
LH:6
BRDA:18,0,0,0
BRF:1
BRH:0
end_of_record
TN:
SF:src/mail/mailer.module.ts
FN:15,(anonymous_1)
FNF:1
FNH:1
FNDA:11,(anonymous_1)
DA:1,11
DA:2,11
DA:3,11
DA:4,11
DA:5,11
DA:6,11
DA:8,11
DA:15,11
DA:44,11
LF:9
LH:9
BRDA:18,0,0,11
BRDA:18,0,1,0
BRDA:30,1,0,11
BRDA:30,1,1,0
BRF:4
BRH:2
end_of_record
TN:
SF:src/notifications/notifications.service.ts
FN:12,(anonymous_2)
FN:18,(anonymous_3)
FN:19,(anonymous_4)
FN:48,(anonymous_5)
FN:50,(anonymous_6)
FN:81,(anonymous_7)
FN:83,(anonymous_8)
FNF:7
FNH:1
FNDA:11,(anonymous_2)
FNDA:0,(anonymous_3)
FNDA:0,(anonymous_4)
FNDA:0,(anonymous_5)
FNDA:0,(anonymous_6)
FNDA:0,(anonymous_7)
FNDA:0,(anonymous_8)
DA:1,11
DA:2,11
DA:3,11
DA:4,11
DA:5,11
DA:8,11
DA:9,11
DA:10,11
DA:13,11
DA:14,11
DA:18,11
DA:19,0
DA:20,0
DA:22,0
DA:23,0
DA:24,0
DA:25,0
DA:26,0
DA:27,0
DA:29,0
DA:30,0
DA:35,0
DA:36,0
DA:38,0
DA:48,11
DA:49,0
DA:51,0
DA:53,0
DA:54,0
DA:56,0
DA:57,0
DA:58,0
DA:59,0
DA:60,0
DA:61,0
DA:65,0
DA:67,0
DA:73,0
DA:81,11
DA:82,0
DA:84,0
DA:86,0
DA:87,0
DA:88,0
DA:89,0
DA:90,0
DA:91,0
DA:92,0
DA:93,0
DA:94,0
DA:98,0
DA:101,0
LF:52
LH:13
BRDA:25,0,0,0
BRDA:40,1,0,0
BRDA:40,1,1,0
BRDA:69,2,0,0
BRDA:69,2,1,0
BRDA:89,3,0,0
BRDA:93,4,0,0
BRDA:103,5,0,0
BRDA:103,5,1,0
BRF:9
BRH:0
end_of_record
TN:
SF:src/users/users.controller.ts
FN:17,(anonymous_4)
FN:22,(anonymous_5)
FN:29,(anonymous_6)
FN:37,(anonymous_7)
FN:45,(anonymous_8)
FN:56,(anonymous_9)
FN:68,(anonymous_10)
FN:76,(anonymous_11)
FNF:8
FNH:8
FNDA:11,(anonymous_4)
FNDA:3,(anonymous_5)
FNDA:3,(anonymous_6)
FNDA:3,(anonymous_7)
FNDA:2,(anonymous_8)
FNDA:4,(anonymous_9)
FNDA:1,(anonymous_10)
FNDA:14,(anonymous_11)
DA:1,11
DA:2,11
DA:3,11
DA:4,11
DA:5,11
DA:6,11
DA:7,11
DA:8,11
DA:9,11
DA:11,11
DA:12,11
DA:16,11
DA:17,11
DA:22,11
DA:23,3
DA:29,11
DA:30,3
DA:37,11
DA:38,3
DA:45,11
DA:49,2
DA:56,11
DA:61,4
DA:68,11
DA:69,1
DA:76,11
DA:80,14
LF:27
LH:27
BRF:0
BRH:0
end_of_record
TN:
SF:src/users/users.module.ts
FNF:0
FNH:0
DA:1,11
DA:2,11
DA:3,11
DA:4,11
DA:12,11
LF:5
LH:5
BRF:0
BRH:0
end_of_record
TN:
SF:src/users/users.service.ts
FN:17,(anonymous_2)
FN:19,(anonymous_3)
FN:21,(anonymous_4)
FN:23,(anonymous_5)
FN:51,(anonymous_6)
FN:72,(anonymous_7)
FN:75,(anonymous_8)
FN:93,(anonymous_9)
FN:94,(anonymous_10)
FN:116,(anonymous_11)
FN:122,(anonymous_12)
FN:123,(anonymous_13)
FN:165,(anonymous_14)
FN:174,(anonymous_15)
FN:190,(anonymous_16)
FN:195,(anonymous_17)
FN:196,(anonymous_18)
FN:225,(anonymous_19)
FNF:18
FNH:18
FNDA:11,(anonymous_2)
FNDA:3,(anonymous_3)
FNDA:3,(anonymous_4)
FNDA:3,(anonymous_5)
FNDA:6,(anonymous_6)
FNDA:3,(anonymous_7)
FNDA:3,(anonymous_8)
FNDA:3,(anonymous_9)
FNDA:3,(anonymous_10)
FNDA:6,(anonymous_11)
FNDA:6,(anonymous_12)
FNDA:6,(anonymous_13)
FNDA:2,(anonymous_14)
FNDA:2,(anonymous_15)
FNDA:15,(anonymous_16)
FNDA:15,(anonymous_17)
FNDA:15,(anonymous_18)
FNDA:14,(anonymous_19)
DA:1,11
DA:2,11
DA:3,11
DA:5,11
DA:6,11
DA:10,11
DA:14,11
DA:16,11
DA:17,11
DA:20,3
DA:22,3
DA:23,3
DA:25,3
DA:26,0
DA:32,3
DA:36,3
DA:42,3
DA:45,3
DA:51,6
DA:64,3
DA:65,3
DA:73,3
DA:74,3
DA:75,3
DA:94,3
DA:95,3
DA:96,0
DA:97,0
DA:100,3
DA:102,3
DA:105,3
DA:106,1
DA:107,1
DA:109,2
DA:110,2
DA:121,6
DA:123,6
DA:124,6
DA:127,6
DA:128,2
DA:129,0
DA:132,2
DA:133,1
DA:135,1
DA:136,1
DA:137,1
DA:142,1
DA:143,1
DA:147,4
DA:148,0
DA:150,4
DA:151,4
DA:152,4
DA:153,1
DA:156,3
DA:157,1
DA:160,2
DA:161,2
DA:165,2
DA:166,1
DA:169,1
DA:170,1
DA:171,1
DA:172,1
DA:174,2
DA:177,1
DA:182,1
DA:183,1
DA:194,15
DA:196,15
DA:199,15
DA:200,1
DA:201,0
DA:203,1
DA:204,1
DA:208,14
DA:209,0
DA:211,14
DA:212,14
DA:213,14
DA:214,1
DA:216,13
DA:217,1
DA:219,12
DA:225,14
DA:226,3
DA:228,9
DA:233,9
DA:234,9
LF:89
LH:82
BRDA:25,0,0,0
BRDA:32,1,0,3
BRDA:32,1,1,0
BRDA:32,2,0,3
BRDA:32,2,1,3
BRDA:42,3,0,3
BRDA:42,3,1,3
BRDA:73,4,0,2
BRDA:73,5,0,2
BRDA:95,6,0,0
BRDA:103,7,0,1
BRDA:103,7,1,2
BRDA:105,8,0,1
BRDA:127,9,0,2
BRDA:128,10,0,0
BRDA:132,11,0,1
BRDA:136,12,0,0
BRDA:147,13,0,0
BRDA:152,14,0,1
BRDA:152,15,0,4
BRDA:152,15,1,1
BRDA:156,16,0,1
BRDA:156,17,0,3
BRDA:156,17,1,2
BRDA:160,18,0,2
BRDA:162,19,0,2
BRDA:162,19,1,0
BRDA:165,20,0,1
BRDA:170,21,0,0
BRDA:171,22,0,1
BRDA:178,23,0,1
BRDA:178,23,1,0
BRDA:199,24,0,1
BRDA:200,25,0,0
BRDA:208,26,0,0
BRDA:213,27,0,1
BRDA:213,28,0,14
BRDA:213,28,1,1
BRDA:216,29,0,1
BRDA:216,30,0,13
BRDA:216,30,1,12
BRDA:220,31,0,12
BRDA:220,31,1,0
BRDA:225,32,0,3
BRDA:229,33,0,9
BRDA:229,33,1,0
BRF:46
BRH:33
end_of_record
TN:
SF:src/users/decorators/swagger/api-create-user.decorator.ts
FN:4,ApiCreateUser
FNF:1
FNH:1
FNDA:11,ApiCreateUser
DA:1,11
DA:2,11
DA:4,11
DA:5,11
LF:4
LH:4
BRF:0
BRH:0
end_of_record
TN:
SF:src/users/decorators/swagger/api-delete-user.decorator.ts
FN:4,ApiDeleteUser
FNF:1
FNH:1
FNDA:22,ApiDeleteUser
DA:1,11
DA:2,11
DA:4,11
DA:5,22
LF:4
LH:4
BRF:0
BRH:0
end_of_record
TN:
SF:src/users/decorators/swagger/api-get-user-by-term.decorator.ts
FN:4,ApiGetUserByTerm
FNF:1
FNH:1
FNDA:11,ApiGetUserByTerm
DA:1,11
DA:2,11
DA:4,11
DA:5,11
LF:4
LH:4
BRF:0
BRH:0
end_of_record
TN:
SF:src/users/decorators/swagger/api-get-user.decorator.ts
FN:4,ApiGetUser
FNF:1
FNH:1
FNDA:11,ApiGetUser
DA:1,11
DA:2,11
DA:4,11
DA:5,11
LF:4
LH:4
BRF:0
BRH:0
end_of_record
TN:
SF:src/users/decorators/swagger/api-update-user.controler.ts
FN:4,ApiUpdateUser
FNF:1
FNH:1
FNDA:22,ApiUpdateUser
DA:1,11
DA:2,11
DA:4,11
DA:5,22
LF:4
LH:4
BRF:0
BRH:0
end_of_record
TN:
SF:src/users/decorators/swagger/index.ts
FNF:0
FNH:0
DA:1,11
DA:2,11
DA:3,11
DA:4,11
DA:5,11
DA:7,11
LF:6
LH:6
BRF:0
BRH:0
end_of_record
TN:
SF:src/users/dto/create-user.dto.ts
FN:15,(anonymous_2)
FN:30,(anonymous_3)
FNF:2
FNH:2
FNDA:3,(anonymous_2)
FNDA:4,(anonymous_3)
DA:1,11
DA:2,11
DA:3,11
DA:5,11
DA:16,3
DA:18,11
DA:31,4
DA:33,11
DA:44,11
DA:55,11
LF:10
LH:10
BRF:0
BRH:0
end_of_record
TN:
SF:src/users/dto/update-user.dto.ts
FNF:0
FNH:0
DA:1,11
DA:2,11
DA:3,11
DA:9,11
DA:15,11
LF:5
LH:5
BRF:0
BRH:0
end_of_record
TN:
SF:src/users/dto/user-identifier.dto.ts
FN:10,(anonymous_2)
FNF:1
FNH:1
FNDA:21,(anonymous_2)
DA:1,11
DA:2,11
DA:3,11
DA:5,11
DA:11,21
DA:17,11
LF:6
LH:6
BRDA:11,0,0,21
BRDA:11,0,1,0
BRF:2
BRH:1
end_of_record
